2024-12-14-06:33:52-root-INFO: Load 100 samples
2024-12-14-06:33:52-root-INFO: Prepare model...
2024-12-14-06:33:57-root-INFO: Loading model from ./checkpoints/256x256_diffusion.pt...
2024-12-14-06:34:05-root-INFO: Start sampling
2024-12-14-06:34:07-root-INFO: step: 249 lr_xt 0.00012706
2024-12-14-06:34:07-root-INFO: grad norm: 1663.339 682.369 1516.927
2024-12-14-06:34:07-root-INFO: grad norm: 1533.290 637.417 1394.517
2024-12-14-06:34:08-root-INFO: Loss Change: 12156.465 -> 11525.027
2024-12-14-06:34:08-root-INFO: Regularization Change: 0.000 -> 0.165
2024-12-14-06:34:08-root-INFO: Learning rate of xt decay: 0.02000 -> 0.02024.
2024-12-14-06:34:08-root-INFO: step: 248 lr_xt 0.00013388
2024-12-14-06:34:08-root-INFO: grad norm: 1438.447 595.089 1309.580
2024-12-14-06:34:08-root-INFO: grad norm: 1352.638 566.219 1228.424
2024-12-14-06:34:09-root-INFO: Loss Change: 11711.805 -> 11236.775
2024-12-14-06:34:09-root-INFO: Regularization Change: 0.000 -> 0.140
2024-12-14-06:34:09-root-INFO: Learning rate of xt decay: 0.02024 -> 0.02048.
2024-12-14-06:34:09-root-INFO: step: 247 lr_xt 0.00014104
2024-12-14-06:34:09-root-INFO: grad norm: 1275.100 543.777 1153.338
2024-12-14-06:34:09-root-INFO: grad norm: 1204.560 520.988 1086.064
2024-12-14-06:34:10-root-INFO: Loss Change: 11192.188 -> 10788.496
2024-12-14-06:34:10-root-INFO: Regularization Change: 0.000 -> 0.122
2024-12-14-06:34:10-root-INFO: Learning rate of xt decay: 0.02048 -> 0.02073.
2024-12-14-06:34:10-root-INFO: step: 246 lr_xt 0.00014856
2024-12-14-06:34:10-root-INFO: grad norm: 1149.968 515.057 1028.175
2024-12-14-06:34:10-root-INFO: grad norm: 1091.573 496.778 971.979
2024-12-14-06:34:11-root-INFO: Loss Change: 10776.358 -> 10402.926
2024-12-14-06:34:11-root-INFO: Regularization Change: 0.000 -> 0.111
2024-12-14-06:34:11-root-INFO: Learning rate of xt decay: 0.02073 -> 0.02098.
2024-12-14-06:34:11-root-INFO: step: 245 lr_xt 0.00015646
2024-12-14-06:34:11-root-INFO: grad norm: 1028.456 478.564 910.328
2024-12-14-06:34:11-root-INFO: grad norm: 981.516 463.144 865.374
2024-12-14-06:34:12-root-INFO: Loss Change: 10401.320 -> 10106.358
2024-12-14-06:34:12-root-INFO: Regularization Change: 0.000 -> 0.099
2024-12-14-06:34:12-root-INFO: Learning rate of xt decay: 0.02098 -> 0.02123.
2024-12-14-06:34:12-root-INFO: step: 244 lr_xt 0.00016475
2024-12-14-06:34:12-root-INFO: grad norm: 952.856 468.230 829.877
2024-12-14-06:34:12-root-INFO: grad norm: 910.210 453.565 789.152
2024-12-14-06:34:12-root-INFO: Loss Change: 10124.988 -> 9832.160
2024-12-14-06:34:12-root-INFO: Regularization Change: 0.000 -> 0.094
2024-12-14-06:34:12-root-INFO: Learning rate of xt decay: 0.02123 -> 0.02148.
2024-12-14-06:34:13-root-INFO: step: 243 lr_xt 0.00017345
2024-12-14-06:34:13-root-INFO: grad norm: 843.263 425.946 727.779
2024-12-14-06:34:13-root-INFO: grad norm: 811.130 414.702 697.105
2024-12-14-06:34:13-root-INFO: Loss Change: 9769.892 -> 9547.448
2024-12-14-06:34:13-root-INFO: Regularization Change: 0.000 -> 0.082
2024-12-14-06:34:13-root-INFO: Learning rate of xt decay: 0.02148 -> 0.02174.
2024-12-14-06:34:14-root-INFO: step: 242 lr_xt 0.00018258
2024-12-14-06:34:14-root-INFO: grad norm: 788.275 410.116 673.188
2024-12-14-06:34:14-root-INFO: grad norm: 761.301 399.958 647.775
2024-12-14-06:34:14-root-INFO: Loss Change: 9537.641 -> 9318.494
2024-12-14-06:34:14-root-INFO: Regularization Change: 0.000 -> 0.080
2024-12-14-06:34:14-root-INFO: Learning rate of xt decay: 0.02174 -> 0.02200.
2024-12-14-06:34:15-root-INFO: step: 241 lr_xt 0.00019216
2024-12-14-06:34:15-root-INFO: grad norm: 746.660 398.532 631.405
2024-12-14-06:34:15-root-INFO: grad norm: 725.222 389.643 611.658
2024-12-14-06:34:15-root-INFO: Loss Change: 9321.334 -> 9116.063
2024-12-14-06:34:15-root-INFO: Regularization Change: 0.000 -> 0.080
2024-12-14-06:34:15-root-INFO: Learning rate of xt decay: 0.02200 -> 0.02227.
2024-12-14-06:34:16-root-INFO: step: 240 lr_xt 0.00020221
2024-12-14-06:34:16-root-INFO: grad norm: 708.548 386.045 594.146
2024-12-14-06:34:16-root-INFO: grad norm: 690.185 377.627 577.714
2024-12-14-06:34:16-root-INFO: Loss Change: 9102.273 -> 8905.229
2024-12-14-06:34:16-root-INFO: Regularization Change: 0.000 -> 0.080
2024-12-14-06:34:16-root-INFO: Learning rate of xt decay: 0.02227 -> 0.02253.
2024-12-14-06:34:17-root-INFO: step: 239 lr_xt 0.00021275
2024-12-14-06:34:17-root-INFO: grad norm: 696.849 386.943 579.546
2024-12-14-06:34:17-root-INFO: grad norm: 681.603 378.838 566.625
2024-12-14-06:34:17-root-INFO: Loss Change: 8865.717 -> 8671.135
2024-12-14-06:34:17-root-INFO: Regularization Change: 0.000 -> 0.086
2024-12-14-06:34:17-root-INFO: Learning rate of xt decay: 0.02253 -> 0.02280.
2024-12-14-06:34:18-root-INFO: step: 238 lr_xt 0.00022380
2024-12-14-06:34:18-root-INFO: grad norm: 672.490 377.604 556.469
2024-12-14-06:34:18-root-INFO: grad norm: 662.570 371.443 548.662
2024-12-14-06:34:18-root-INFO: Loss Change: 8664.648 -> 8469.784
2024-12-14-06:34:18-root-INFO: Regularization Change: 0.000 -> 0.089
2024-12-14-06:34:18-root-INFO: Learning rate of xt decay: 0.02280 -> 0.02308.
2024-12-14-06:34:18-root-INFO: step: 237 lr_xt 0.00023539
2024-12-14-06:34:19-root-INFO: grad norm: 678.746 383.259 560.186
2024-12-14-06:34:19-root-INFO: grad norm: 675.493 379.250 558.982
2024-12-14-06:34:19-root-INFO: Loss Change: 8421.318 -> 8209.171
2024-12-14-06:34:19-root-INFO: Regularization Change: 0.000 -> 0.102
2024-12-14-06:34:19-root-INFO: Learning rate of xt decay: 0.02308 -> 0.02335.
2024-12-14-06:34:19-root-INFO: step: 236 lr_xt 0.00024753
2024-12-14-06:34:20-root-INFO: grad norm: 674.711 370.677 563.767
2024-12-14-06:34:20-root-INFO: grad norm: 676.186 368.982 566.639
2024-12-14-06:34:20-root-INFO: Loss Change: 8194.560 -> 7976.271
2024-12-14-06:34:20-root-INFO: Regularization Change: 0.000 -> 0.112
2024-12-14-06:34:20-root-INFO: Learning rate of xt decay: 0.02335 -> 0.02364.
2024-12-14-06:34:20-root-INFO: step: 235 lr_xt 0.00026027
2024-12-14-06:34:21-root-INFO: grad norm: 689.564 378.230 576.576
2024-12-14-06:34:21-root-INFO: grad norm: 696.346 378.646 584.401
2024-12-14-06:34:21-root-INFO: Loss Change: 7934.108 -> 7683.098
2024-12-14-06:34:21-root-INFO: Regularization Change: 0.000 -> 0.130
2024-12-14-06:34:21-root-INFO: Learning rate of xt decay: 0.02364 -> 0.02392.
2024-12-14-06:34:21-root-INFO: step: 234 lr_xt 0.00027361
2024-12-14-06:34:22-root-INFO: grad norm: 714.293 389.106 599.008
2024-12-14-06:34:22-root-INFO: grad norm: 724.298 391.082 609.641
2024-12-14-06:34:22-root-INFO: Loss Change: 7657.493 -> 7373.136
2024-12-14-06:34:22-root-INFO: Regularization Change: 0.000 -> 0.155
2024-12-14-06:34:22-root-INFO: Learning rate of xt decay: 0.02392 -> 0.02421.
2024-12-14-06:34:22-root-INFO: step: 233 lr_xt 0.00028759
2024-12-14-06:34:23-root-INFO: grad norm: 750.725 403.942 632.786
2024-12-14-06:34:23-root-INFO: grad norm: 765.903 408.832 647.660
2024-12-14-06:34:23-root-INFO: Loss Change: 7319.353 -> 6989.873
2024-12-14-06:34:23-root-INFO: Regularization Change: 0.000 -> 0.190
2024-12-14-06:34:23-root-INFO: Learning rate of xt decay: 0.02421 -> 0.02450.
2024-12-14-06:34:23-root-INFO: step: 232 lr_xt 0.00030224
2024-12-14-06:34:24-root-INFO: grad norm: 796.254 421.601 675.480
2024-12-14-06:34:24-root-INFO: grad norm: 814.501 427.757 693.135
2024-12-14-06:34:24-root-INFO: Loss Change: 6944.839 -> 6546.381
2024-12-14-06:34:24-root-INFO: Regularization Change: 0.000 -> 0.237
2024-12-14-06:34:24-root-INFO: Learning rate of xt decay: 0.02450 -> 0.02479.
2024-12-14-06:34:24-root-INFO: step: 231 lr_xt 0.00031758
2024-12-14-06:34:24-root-INFO: grad norm: 838.412 446.511 709.622
2024-12-14-06:34:25-root-INFO: grad norm: 859.317 454.263 729.432
2024-12-14-06:34:25-root-INFO: Loss Change: 6483.641 -> 6027.237
2024-12-14-06:34:25-root-INFO: Regularization Change: 0.000 -> 0.291
2024-12-14-06:34:25-root-INFO: Learning rate of xt decay: 0.02479 -> 0.02509.
2024-12-14-06:34:25-root-INFO: step: 230 lr_xt 0.00033364
2024-12-14-06:34:25-root-INFO: grad norm: 908.861 482.494 770.213
2024-12-14-06:34:26-root-INFO: grad norm: 927.883 489.119 788.498
2024-12-14-06:34:26-root-INFO: Loss Change: 5892.635 -> 5332.700
2024-12-14-06:34:26-root-INFO: Regularization Change: 0.000 -> 0.375
2024-12-14-06:34:26-root-INFO: Learning rate of xt decay: 0.02509 -> 0.02539.
2024-12-14-06:34:26-root-INFO: step: 229 lr_xt 0.00035047
2024-12-14-06:34:26-root-INFO: grad norm: 951.702 504.056 807.257
2024-12-14-06:34:27-root-INFO: grad norm: 960.844 507.251 816.038
2024-12-14-06:34:27-root-INFO: Loss Change: 5222.113 -> 4583.581
2024-12-14-06:34:27-root-INFO: Regularization Change: 0.000 -> 0.449
2024-12-14-06:34:27-root-INFO: Learning rate of xt decay: 0.02539 -> 0.02569.
2024-12-14-06:34:27-root-INFO: step: 228 lr_xt 0.00036807
2024-12-14-06:34:27-root-INFO: grad norm: 960.784 514.514 811.407
2024-12-14-06:34:28-root-INFO: grad norm: 951.612 508.773 804.186
2024-12-14-06:34:28-root-INFO: Loss Change: 4463.738 -> 3800.703
2024-12-14-06:34:28-root-INFO: Regularization Change: 0.000 -> 0.495
2024-12-14-06:34:28-root-INFO: Learning rate of xt decay: 0.02569 -> 0.02600.
2024-12-14-06:34:28-root-INFO: step: 227 lr_xt 0.00038651
2024-12-14-06:34:28-root-INFO: grad norm: 916.934 497.371 770.317
2024-12-14-06:34:29-root-INFO: grad norm: 889.671 481.443 748.149
2024-12-14-06:34:29-root-INFO: Loss Change: 3735.189 -> 3114.368
2024-12-14-06:34:29-root-INFO: Regularization Change: 0.000 -> 0.487
2024-12-14-06:34:29-root-INFO: Learning rate of xt decay: 0.02600 -> 0.02631.
2024-12-14-06:34:29-root-INFO: step: 226 lr_xt 0.00040579
2024-12-14-06:34:29-root-INFO: grad norm: 849.511 461.682 713.104
2024-12-14-06:34:30-root-INFO: grad norm: 802.823 435.077 674.709
2024-12-14-06:34:30-root-INFO: Loss Change: 2932.715 -> 2394.690
2024-12-14-06:34:30-root-INFO: Regularization Change: 0.000 -> 0.449
2024-12-14-06:34:30-root-INFO: Learning rate of xt decay: 0.02631 -> 0.02663.
2024-12-14-06:34:30-root-INFO: step: 225 lr_xt 0.00042598
2024-12-14-06:34:30-root-INFO: grad norm: 714.745 391.920 597.712
2024-12-14-06:34:31-root-INFO: grad norm: 656.477 360.925 548.356
2024-12-14-06:34:31-root-INFO: Loss Change: 2286.957 -> 1900.110
2024-12-14-06:34:31-root-INFO: Regularization Change: 0.000 -> 0.341
2024-12-14-06:34:31-root-INFO: Learning rate of xt decay: 0.02663 -> 0.02695.
2024-12-14-06:34:31-root-INFO: step: 224 lr_xt 0.00044709
2024-12-14-06:34:31-root-INFO: grad norm: 556.062 313.450 459.297
2024-12-14-06:34:32-root-INFO: grad norm: 501.179 284.904 412.323
2024-12-14-06:34:32-root-INFO: Loss Change: 1822.777 -> 1583.592
2024-12-14-06:34:32-root-INFO: Regularization Change: 0.000 -> 0.223
2024-12-14-06:34:32-root-INFO: Learning rate of xt decay: 0.02695 -> 0.02727.
2024-12-14-06:34:32-root-INFO: step: 223 lr_xt 0.00046917
2024-12-14-06:34:32-root-INFO: grad norm: 400.900 238.202 322.460
2024-12-14-06:34:33-root-INFO: grad norm: 365.230 219.338 292.034
2024-12-14-06:34:33-root-INFO: Loss Change: 1497.378 -> 1364.964
2024-12-14-06:34:33-root-INFO: Regularization Change: 0.000 -> 0.129
2024-12-14-06:34:33-root-INFO: Learning rate of xt decay: 0.02727 -> 0.02760.
2024-12-14-06:34:33-root-INFO: step: 222 lr_xt 0.00049227
2024-12-14-06:34:33-root-INFO: grad norm: 314.459 194.436 247.142
2024-12-14-06:34:34-root-INFO: grad norm: 291.558 181.796 227.940
2024-12-14-06:34:34-root-INFO: Loss Change: 1337.804 -> 1250.576
2024-12-14-06:34:34-root-INFO: Regularization Change: 0.000 -> 0.089
2024-12-14-06:34:34-root-INFO: Learning rate of xt decay: 0.02760 -> 0.02793.
2024-12-14-06:34:34-root-INFO: step: 221 lr_xt 0.00051641
2024-12-14-06:34:34-root-INFO: grad norm: 262.220 166.683 202.425
2024-12-14-06:34:35-root-INFO: grad norm: 241.258 155.270 184.653
2024-12-14-06:34:35-root-INFO: Loss Change: 1224.720 -> 1163.040
2024-12-14-06:34:35-root-INFO: Regularization Change: 0.000 -> 0.068
2024-12-14-06:34:35-root-INFO: Learning rate of xt decay: 0.02793 -> 0.02827.
2024-12-14-06:34:35-root-INFO: step: 220 lr_xt 0.00054166
2024-12-14-06:34:35-root-INFO: grad norm: 228.123 147.516 174.009
2024-12-14-06:34:36-root-INFO: grad norm: 207.321 136.594 155.961
2024-12-14-06:34:36-root-INFO: Loss Change: 1144.342 -> 1095.741
2024-12-14-06:34:36-root-INFO: Regularization Change: 0.000 -> 0.055
2024-12-14-06:34:36-root-INFO: Learning rate of xt decay: 0.02827 -> 0.02861.
2024-12-14-06:34:36-root-INFO: step: 219 lr_xt 0.00056804
2024-12-14-06:34:36-root-INFO: grad norm: 205.072 134.974 154.391
2024-12-14-06:34:37-root-INFO: grad norm: 187.227 125.706 138.751
2024-12-14-06:34:37-root-INFO: Loss Change: 1092.214 -> 1051.356
2024-12-14-06:34:37-root-INFO: Regularization Change: 0.000 -> 0.050
2024-12-14-06:34:37-root-INFO: Learning rate of xt decay: 0.02861 -> 0.02895.
2024-12-14-06:34:37-root-INFO: step: 218 lr_xt 0.00059561
2024-12-14-06:34:37-root-INFO: grad norm: 191.262 127.249 142.790
2024-12-14-06:34:38-root-INFO: grad norm: 175.412 118.985 128.888
2024-12-14-06:34:38-root-INFO: Loss Change: 1050.310 -> 1013.194
2024-12-14-06:34:38-root-INFO: Regularization Change: 0.000 -> 0.048
2024-12-14-06:34:38-root-INFO: Learning rate of xt decay: 0.02895 -> 0.02930.
2024-12-14-06:34:38-root-INFO: step: 217 lr_xt 0.00062443
2024-12-14-06:34:38-root-INFO: grad norm: 180.338 120.593 134.086
2024-12-14-06:34:39-root-INFO: grad norm: 166.034 113.187 121.474
2024-12-14-06:34:39-root-INFO: Loss Change: 1017.018 -> 980.880
2024-12-14-06:34:39-root-INFO: Regularization Change: 0.000 -> 0.047
2024-12-14-06:34:39-root-INFO: Learning rate of xt decay: 0.02930 -> 0.02965.
2024-12-14-06:34:39-root-INFO: step: 216 lr_xt 0.00065452
2024-12-14-06:34:39-root-INFO: grad norm: 175.688 117.635 130.492
2024-12-14-06:34:40-root-INFO: grad norm: 162.526 110.769 118.932
2024-12-14-06:34:40-root-INFO: Loss Change: 978.873 -> 943.371
2024-12-14-06:34:40-root-INFO: Regularization Change: 0.000 -> 0.049
2024-12-14-06:34:40-root-INFO: Learning rate of xt decay: 0.02965 -> 0.03000.
2024-12-14-06:34:40-root-INFO: step: 215 lr_xt 0.00068596
2024-12-14-06:34:40-root-INFO: grad norm: 174.407 116.914 129.417
2024-12-14-06:34:40-root-INFO: grad norm: 160.858 109.777 117.577
2024-12-14-06:34:41-root-INFO: Loss Change: 947.279 -> 910.929
2024-12-14-06:34:41-root-INFO: Regularization Change: 0.000 -> 0.053
2024-12-14-06:34:41-root-INFO: Learning rate of xt decay: 0.03000 -> 0.03036.
2024-12-14-06:34:41-root-INFO: step: 214 lr_xt 0.00071879
2024-12-14-06:34:41-root-INFO: grad norm: 169.953 114.987 125.149
2024-12-14-06:34:41-root-INFO: grad norm: 157.754 108.319 114.688
2024-12-14-06:34:42-root-INFO: Loss Change: 914.694 -> 877.902
2024-12-14-06:34:42-root-INFO: Regularization Change: 0.000 -> 0.055
2024-12-14-06:34:42-root-INFO: Learning rate of xt decay: 0.03036 -> 0.03073.
2024-12-14-06:34:42-root-INFO: step: 213 lr_xt 0.00075308
2024-12-14-06:34:42-root-INFO: grad norm: 160.763 109.389 117.808
2024-12-14-06:34:42-root-INFO: grad norm: 151.078 103.999 109.584
2024-12-14-06:34:43-root-INFO: Loss Change: 874.596 -> 838.585
2024-12-14-06:34:43-root-INFO: Regularization Change: 0.000 -> 0.055
2024-12-14-06:34:43-root-INFO: Learning rate of xt decay: 0.03073 -> 0.03110.
2024-12-14-06:34:43-root-INFO: step: 212 lr_xt 0.00078886
2024-12-14-06:34:43-root-INFO: grad norm: 158.298 108.566 115.202
2024-12-14-06:34:43-root-INFO: grad norm: 148.477 102.821 107.114
2024-12-14-06:34:44-root-INFO: Loss Change: 842.730 -> 807.422
2024-12-14-06:34:44-root-INFO: Regularization Change: 0.000 -> 0.058
2024-12-14-06:34:44-root-INFO: Learning rate of xt decay: 0.03110 -> 0.03147.
2024-12-14-06:34:44-root-INFO: step: 211 lr_xt 0.00082622
2024-12-14-06:34:44-root-INFO: grad norm: 149.499 103.049 108.309
2024-12-14-06:34:44-root-INFO: grad norm: 141.510 98.394 101.704
2024-12-14-06:34:45-root-INFO: Loss Change: 807.167 -> 773.426
2024-12-14-06:34:45-root-INFO: Regularization Change: 0.000 -> 0.058
2024-12-14-06:34:45-root-INFO: Learning rate of xt decay: 0.03147 -> 0.03185.
2024-12-14-06:34:45-root-INFO: step: 210 lr_xt 0.00086520
2024-12-14-06:34:45-root-INFO: grad norm: 154.603 105.598 112.921
2024-12-14-06:34:45-root-INFO: grad norm: 143.123 98.815 103.537
2024-12-14-06:34:46-root-INFO: Loss Change: 772.513 -> 736.100
2024-12-14-06:34:46-root-INFO: Regularization Change: 0.000 -> 0.066
2024-12-14-06:34:46-root-INFO: Learning rate of xt decay: 0.03185 -> 0.03223.
2024-12-14-06:34:46-root-INFO: step: 209 lr_xt 0.00090588
2024-12-14-06:34:46-root-INFO: grad norm: 144.170 99.092 104.718
2024-12-14-06:34:46-root-INFO: grad norm: 135.263 93.589 97.659
2024-12-14-06:34:47-root-INFO: Loss Change: 735.704 -> 701.741
2024-12-14-06:34:47-root-INFO: Regularization Change: 0.000 -> 0.064
2024-12-14-06:34:47-root-INFO: Learning rate of xt decay: 0.03223 -> 0.03262.
2024-12-14-06:34:47-root-INFO: step: 208 lr_xt 0.00094831
2024-12-14-06:34:47-root-INFO: grad norm: 141.686 97.128 103.155
2024-12-14-06:34:47-root-INFO: grad norm: 132.204 91.149 95.759
2024-12-14-06:34:48-root-INFO: Loss Change: 702.312 -> 667.857
2024-12-14-06:34:48-root-INFO: Regularization Change: 0.000 -> 0.067
2024-12-14-06:34:48-root-INFO: Learning rate of xt decay: 0.03262 -> 0.03301.
2024-12-14-06:34:48-root-INFO: step: 207 lr_xt 0.00100094
2024-12-14-06:34:48-root-INFO: grad norm: 136.820 93.389 99.991
2024-12-14-06:34:48-root-INFO: grad norm: 127.611 87.483 92.904
2024-12-14-06:34:49-root-INFO: Loss Change: 665.396 -> 631.539
2024-12-14-06:34:49-root-INFO: Regularization Change: 0.000 -> 0.070
2024-12-14-06:34:49-root-INFO: Learning rate of xt decay: 0.03301 -> 0.03340.
2024-12-14-06:34:49-root-INFO: step: 206 lr_xt 0.00104745
2024-12-14-06:34:49-root-INFO: grad norm: 134.149 90.913 98.645
2024-12-14-06:34:49-root-INFO: grad norm: 123.468 83.956 90.530
2024-12-14-06:34:50-root-INFO: Loss Change: 631.006 -> 597.696
2024-12-14-06:34:50-root-INFO: Regularization Change: 0.000 -> 0.072
2024-12-14-06:34:50-root-INFO: Learning rate of xt decay: 0.03340 -> 0.03380.
2024-12-14-06:34:50-root-INFO: step: 205 lr_xt 0.00109594
2024-12-14-06:34:50-root-INFO: grad norm: 124.075 83.790 91.509
2024-12-14-06:34:50-root-INFO: grad norm: 116.193 78.492 85.672
2024-12-14-06:34:51-root-INFO: Loss Change: 595.557 -> 564.729
2024-12-14-06:34:51-root-INFO: Regularization Change: 0.000 -> 0.069
2024-12-14-06:34:51-root-INFO: Learning rate of xt decay: 0.03380 -> 0.03421.
2024-12-14-06:34:51-root-INFO: step: 204 lr_xt 0.00114648
2024-12-14-06:34:51-root-INFO: grad norm: 116.366 77.910 86.435
2024-12-14-06:34:51-root-INFO: grad norm: 110.393 73.791 82.107
2024-12-14-06:34:51-root-INFO: Loss Change: 564.358 -> 536.133
2024-12-14-06:34:51-root-INFO: Regularization Change: 0.000 -> 0.067
2024-12-14-06:34:51-root-INFO: Learning rate of xt decay: 0.03421 -> 0.03462.
2024-12-14-06:34:52-root-INFO: step: 203 lr_xt 0.00119917
2024-12-14-06:34:52-root-INFO: grad norm: 111.527 73.704 83.701
2024-12-14-06:34:52-root-INFO: grad norm: 106.386 70.063 80.057
2024-12-14-06:34:52-root-INFO: Loss Change: 531.521 -> 504.288
2024-12-14-06:34:52-root-INFO: Regularization Change: 0.000 -> 0.068
2024-12-14-06:34:52-root-INFO: Learning rate of xt decay: 0.03462 -> 0.03504.
2024-12-14-06:34:53-root-INFO: step: 202 lr_xt 0.00125407
2024-12-14-06:34:53-root-INFO: grad norm: 105.719 68.936 80.153
2024-12-14-06:34:53-root-INFO: grad norm: 101.486 65.885 77.192
2024-12-14-06:34:53-root-INFO: Loss Change: 502.054 -> 475.189
2024-12-14-06:34:53-root-INFO: Regularization Change: 0.000 -> 0.067
2024-12-14-06:34:53-root-INFO: Learning rate of xt decay: 0.03504 -> 0.03546.
2024-12-14-06:34:54-root-INFO: step: 201 lr_xt 0.00131127
2024-12-14-06:34:54-root-INFO: grad norm: 103.247 65.589 79.737
2024-12-14-06:34:54-root-INFO: grad norm: 99.846 63.033 77.435
2024-12-14-06:34:54-root-INFO: Loss Change: 469.178 -> 442.624
2024-12-14-06:34:54-root-INFO: Regularization Change: 0.000 -> 0.071
2024-12-14-06:34:54-root-INFO: Learning rate of xt decay: 0.03546 -> 0.03588.
2024-12-14-06:34:55-root-INFO: step: 200 lr_xt 0.00137086
2024-12-14-06:34:55-root-INFO: grad norm: 98.409 61.649 76.705
2024-12-14-06:34:55-root-INFO: grad norm: 95.737 59.595 74.927
2024-12-14-06:34:55-root-INFO: Loss Change: 441.846 -> 416.592
2024-12-14-06:34:55-root-INFO: Regularization Change: 0.000 -> 0.071
2024-12-14-06:34:55-root-INFO: Learning rate of xt decay: 0.03588 -> 0.03631.
2024-12-14-06:34:56-root-INFO: step: 199 lr_xt 0.00143293
2024-12-14-06:34:56-root-INFO: grad norm: 97.686 60.107 77.005
2024-12-14-06:34:56-root-INFO: grad norm: 93.799 57.476 74.127
2024-12-14-06:34:56-root-INFO: Loss Change: 413.656 -> 388.178
2024-12-14-06:34:56-root-INFO: Regularization Change: 0.000 -> 0.075
2024-12-14-06:34:56-root-INFO: Learning rate of xt decay: 0.03631 -> 0.03675.
2024-12-14-06:34:56-root-INFO: step: 198 lr_xt 0.00149757
2024-12-14-06:34:57-root-INFO: grad norm: 91.225 55.508 72.393
2024-12-14-06:34:57-root-INFO: grad norm: 89.938 54.499 71.545
2024-12-14-06:34:57-root-INFO: Loss Change: 383.568 -> 359.045
2024-12-14-06:34:57-root-INFO: Regularization Change: 0.000 -> 0.074
2024-12-14-06:34:57-root-INFO: Learning rate of xt decay: 0.03675 -> 0.03719.
2024-12-14-06:34:57-root-INFO: step: 197 lr_xt 0.00156486
2024-12-14-06:34:58-root-INFO: grad norm: 89.383 53.957 71.259
2024-12-14-06:34:58-root-INFO: grad norm: 87.979 52.760 70.404
2024-12-14-06:34:58-root-INFO: Loss Change: 356.828 -> 332.947
2024-12-14-06:34:58-root-INFO: Regularization Change: 0.000 -> 0.077
2024-12-14-06:34:58-root-INFO: Learning rate of xt decay: 0.03719 -> 0.03764.
2024-12-14-06:34:58-root-INFO: step: 196 lr_xt 0.00163492
2024-12-14-06:34:59-root-INFO: grad norm: 91.511 53.256 74.418
2024-12-14-06:34:59-root-INFO: grad norm: 91.761 52.424 75.311
2024-12-14-06:34:59-root-INFO: Loss Change: 326.677 -> 299.069
2024-12-14-06:34:59-root-INFO: Regularization Change: 0.000 -> 0.090
2024-12-14-06:34:59-root-INFO: Learning rate of xt decay: 0.03764 -> 0.03809.
2024-12-14-06:34:59-root-INFO: step: 195 lr_xt 0.00170783
2024-12-14-06:35:00-root-INFO: grad norm: 89.819 50.788 74.082
2024-12-14-06:35:00-root-INFO: grad norm: 87.099 48.764 72.169
2024-12-14-06:35:00-root-INFO: Loss Change: 296.440 -> 270.004
2024-12-14-06:35:00-root-INFO: Regularization Change: 0.000 -> 0.091
2024-12-14-06:35:00-root-INFO: Learning rate of xt decay: 0.03809 -> 0.03854.
2024-12-14-06:35:00-root-INFO: step: 194 lr_xt 0.00178371
2024-12-14-06:35:01-root-INFO: grad norm: 83.692 46.889 69.324
2024-12-14-06:35:01-root-INFO: grad norm: 78.224 44.166 64.563
2024-12-14-06:35:01-root-INFO: Loss Change: 268.631 -> 246.351
2024-12-14-06:35:01-root-INFO: Regularization Change: 0.000 -> 0.083
2024-12-14-06:35:01-root-INFO: Learning rate of xt decay: 0.03854 -> 0.03901.
2024-12-14-06:35:01-root-INFO: step: 193 lr_xt 0.00186266
2024-12-14-06:35:02-root-INFO: grad norm: 73.925 42.538 60.460
2024-12-14-06:35:02-root-INFO: grad norm: 68.951 40.159 56.050
2024-12-14-06:35:02-root-INFO: Loss Change: 244.306 -> 226.461
2024-12-14-06:35:02-root-INFO: Regularization Change: 0.000 -> 0.071
2024-12-14-06:35:02-root-INFO: Learning rate of xt decay: 0.03901 -> 0.03947.
2024-12-14-06:35:02-root-INFO: step: 192 lr_xt 0.00194479
2024-12-14-06:35:02-root-INFO: grad norm: 66.077 39.011 53.331
2024-12-14-06:35:03-root-INFO: grad norm: 61.937 36.822 49.802
2024-12-14-06:35:03-root-INFO: Loss Change: 222.654 -> 206.922
2024-12-14-06:35:03-root-INFO: Regularization Change: 0.000 -> 0.062
2024-12-14-06:35:03-root-INFO: Learning rate of xt decay: 0.03947 -> 0.03995.
2024-12-14-06:35:03-root-INFO: step: 191 lr_xt 0.00203021
2024-12-14-06:35:03-root-INFO: grad norm: 60.418 36.203 48.370
2024-12-14-06:35:04-root-INFO: grad norm: 56.814 34.163 45.396
2024-12-14-06:35:04-root-INFO: Loss Change: 204.435 -> 190.932
2024-12-14-06:35:04-root-INFO: Regularization Change: 0.000 -> 0.057
2024-12-14-06:35:04-root-INFO: Learning rate of xt decay: 0.03995 -> 0.04043.
2024-12-14-06:35:04-root-INFO: step: 190 lr_xt 0.00211904
2024-12-14-06:35:04-root-INFO: grad norm: 55.140 32.986 44.185
2024-12-14-06:35:05-root-INFO: grad norm: 52.318 31.492 41.779
2024-12-14-06:35:05-root-INFO: Loss Change: 190.278 -> 178.408
2024-12-14-06:35:05-root-INFO: Regularization Change: 0.000 -> 0.052
2024-12-14-06:35:05-root-INFO: Learning rate of xt decay: 0.04043 -> 0.04091.
2024-12-14-06:35:05-root-INFO: step: 189 lr_xt 0.00221139
2024-12-14-06:35:05-root-INFO: grad norm: 49.612 30.347 39.248
2024-12-14-06:35:06-root-INFO: grad norm: 47.644 29.154 37.684
2024-12-14-06:35:06-root-INFO: Loss Change: 173.095 -> 163.016
2024-12-14-06:35:06-root-INFO: Regularization Change: 0.000 -> 0.046
2024-12-14-06:35:06-root-INFO: Learning rate of xt decay: 0.04091 -> 0.04140.
2024-12-14-06:35:06-root-INFO: step: 188 lr_xt 0.00230740
2024-12-14-06:35:06-root-INFO: grad norm: 46.801 28.338 37.246
2024-12-14-06:35:07-root-INFO: grad norm: 44.966 27.256 35.764
2024-12-14-06:35:07-root-INFO: Loss Change: 160.798 -> 151.325
2024-12-14-06:35:07-root-INFO: Regularization Change: 0.000 -> 0.045
2024-12-14-06:35:07-root-INFO: Learning rate of xt decay: 0.04140 -> 0.04190.
2024-12-14-06:35:07-root-INFO: step: 187 lr_xt 0.00240719
2024-12-14-06:35:07-root-INFO: grad norm: 43.495 26.304 34.640
2024-12-14-06:35:08-root-INFO: grad norm: 42.203 25.452 33.664
2024-12-14-06:35:08-root-INFO: Loss Change: 148.578 -> 139.644
2024-12-14-06:35:08-root-INFO: Regularization Change: 0.000 -> 0.043
2024-12-14-06:35:08-root-INFO: Learning rate of xt decay: 0.04190 -> 0.04240.
2024-12-14-06:35:08-root-INFO: step: 186 lr_xt 0.00251089
2024-12-14-06:35:08-root-INFO: grad norm: 41.136 24.556 33.003
2024-12-14-06:35:09-root-INFO: grad norm: 40.312 23.888 32.472
2024-12-14-06:35:09-root-INFO: Loss Change: 137.293 -> 128.979
2024-12-14-06:35:09-root-INFO: Regularization Change: 0.000 -> 0.042
2024-12-14-06:35:09-root-INFO: Learning rate of xt decay: 0.04240 -> 0.04291.
2024-12-14-06:35:09-root-INFO: step: 185 lr_xt 0.00261863
2024-12-14-06:35:09-root-INFO: grad norm: 39.800 23.590 32.056
2024-12-14-06:35:10-root-INFO: grad norm: 39.334 23.110 31.829
2024-12-14-06:35:10-root-INFO: Loss Change: 127.809 -> 119.545
2024-12-14-06:35:10-root-INFO: Regularization Change: 0.000 -> 0.043
2024-12-14-06:35:10-root-INFO: Learning rate of xt decay: 0.04291 -> 0.04343.
2024-12-14-06:35:10-root-INFO: step: 184 lr_xt 0.00273055
2024-12-14-06:35:10-root-INFO: grad norm: 37.482 22.062 30.300
2024-12-14-06:35:11-root-INFO: grad norm: 37.039 21.611 30.081
2024-12-14-06:35:11-root-INFO: Loss Change: 118.012 -> 110.422
2024-12-14-06:35:11-root-INFO: Regularization Change: 0.000 -> 0.041
2024-12-14-06:35:11-root-INFO: Learning rate of xt decay: 0.04343 -> 0.04395.
2024-12-14-06:35:11-root-INFO: step: 183 lr_xt 0.00284680
2024-12-14-06:35:11-root-INFO: grad norm: 36.031 20.966 29.303
2024-12-14-06:35:12-root-INFO: grad norm: 35.823 20.510 29.370
2024-12-14-06:35:12-root-INFO: Loss Change: 106.594 -> 99.180
2024-12-14-06:35:12-root-INFO: Regularization Change: 0.000 -> 0.042
2024-12-14-06:35:12-root-INFO: Learning rate of xt decay: 0.04395 -> 0.04448.
2024-12-14-06:35:12-root-INFO: step: 182 lr_xt 0.00296752
2024-12-14-06:35:12-root-INFO: grad norm: 35.889 20.017 29.789
2024-12-14-06:35:13-root-INFO: grad norm: 35.419 19.338 29.674
2024-12-14-06:35:13-root-INFO: Loss Change: 95.611 -> 88.132
2024-12-14-06:35:13-root-INFO: Regularization Change: 0.000 -> 0.045
2024-12-14-06:35:13-root-INFO: Learning rate of xt decay: 0.04448 -> 0.04501.
2024-12-14-06:35:13-root-INFO: step: 181 lr_xt 0.00309285
2024-12-14-06:35:13-root-INFO: grad norm: 33.619 18.289 28.209
2024-12-14-06:35:14-root-INFO: grad norm: 32.743 17.520 27.661
2024-12-14-06:35:14-root-INFO: Loss Change: 88.646 -> 81.893
2024-12-14-06:35:14-root-INFO: Regularization Change: 0.000 -> 0.042
2024-12-14-06:35:14-root-INFO: Learning rate of xt decay: 0.04501 -> 0.04555.
2024-12-14-06:35:14-root-INFO: step: 180 lr_xt 0.00322295
2024-12-14-06:35:14-root-INFO: grad norm: 31.339 16.774 26.472
2024-12-14-06:35:15-root-INFO: grad norm: 29.905 15.787 25.399
2024-12-14-06:35:15-root-INFO: Loss Change: 82.713 -> 76.932
2024-12-14-06:35:15-root-INFO: Regularization Change: 0.000 -> 0.039
2024-12-14-06:35:15-root-INFO: Learning rate of xt decay: 0.04555 -> 0.04610.
2024-12-14-06:35:15-root-INFO: step: 179 lr_xt 0.00335799
2024-12-14-06:35:15-root-INFO: grad norm: 27.650 14.433 23.584
2024-12-14-06:35:16-root-INFO: grad norm: 26.216 13.587 22.420
2024-12-14-06:35:16-root-INFO: Loss Change: 74.241 -> 69.478
2024-12-14-06:35:16-root-INFO: Regularization Change: 0.000 -> 0.033
2024-12-14-06:35:16-root-INFO: Learning rate of xt decay: 0.04610 -> 0.04665.
2024-12-14-06:35:16-root-INFO: step: 178 lr_xt 0.00349812
2024-12-14-06:35:16-root-INFO: grad norm: 25.541 13.127 21.909
2024-12-14-06:35:17-root-INFO: grad norm: 24.034 12.219 20.696
2024-12-14-06:35:17-root-INFO: Loss Change: 70.497 -> 66.348
2024-12-14-06:35:17-root-INFO: Regularization Change: 0.000 -> 0.030
2024-12-14-06:35:17-root-INFO: Learning rate of xt decay: 0.04665 -> 0.04721.
2024-12-14-06:35:17-root-INFO: step: 177 lr_xt 0.00364350
2024-12-14-06:35:17-root-INFO: grad norm: 23.232 11.628 20.113
2024-12-14-06:35:17-root-INFO: grad norm: 21.948 10.883 19.059
2024-12-14-06:35:18-root-INFO: Loss Change: 66.627 -> 63.080
2024-12-14-06:35:18-root-INFO: Regularization Change: 0.000 -> 0.027
2024-12-14-06:35:18-root-INFO: Learning rate of xt decay: 0.04721 -> 0.04778.
2024-12-14-06:35:18-root-INFO: step: 176 lr_xt 0.00379432
2024-12-14-06:35:18-root-INFO: grad norm: 20.044 9.898 17.430
2024-12-14-06:35:18-root-INFO: grad norm: 19.093 9.302 16.674
2024-12-14-06:35:19-root-INFO: Loss Change: 60.846 -> 58.123
2024-12-14-06:35:19-root-INFO: Regularization Change: 0.000 -> 0.022
2024-12-14-06:35:19-root-INFO: Learning rate of xt decay: 0.04778 -> 0.04835.
2024-12-14-06:35:19-root-INFO: step: 175 lr_xt 0.00395074
2024-12-14-06:35:19-root-INFO: grad norm: 18.489 8.868 16.223
2024-12-14-06:35:19-root-INFO: grad norm: 17.570 8.410 15.426
2024-12-14-06:35:20-root-INFO: Loss Change: 56.845 -> 54.293
2024-12-14-06:35:20-root-INFO: Regularization Change: 0.000 -> 0.020
2024-12-14-06:35:20-root-INFO: Learning rate of xt decay: 0.04835 -> 0.04893.
2024-12-14-06:35:20-root-INFO: step: 174 lr_xt 0.00411294
2024-12-14-06:35:20-root-INFO: grad norm: 16.868 7.939 14.883
2024-12-14-06:35:20-root-INFO: grad norm: 16.143 7.543 14.273
2024-12-14-06:35:21-root-INFO: Loss Change: 54.387 -> 52.231
2024-12-14-06:35:21-root-INFO: Regularization Change: 0.000 -> 0.018
2024-12-14-06:35:21-root-INFO: Learning rate of xt decay: 0.04893 -> 0.04952.
2024-12-14-06:35:21-root-INFO: step: 173 lr_xt 0.00428111
2024-12-14-06:35:21-root-INFO: grad norm: 16.023 7.406 14.209
2024-12-14-06:35:21-root-INFO: grad norm: 15.293 7.065 13.563
2024-12-14-06:35:22-root-INFO: Loss Change: 52.292 -> 50.325
2024-12-14-06:35:22-root-INFO: Regularization Change: 0.000 -> 0.018
2024-12-14-06:35:22-root-INFO: Learning rate of xt decay: 0.04952 -> 0.05011.
2024-12-14-06:35:22-root-INFO: step: 172 lr_xt 0.00445543
2024-12-14-06:35:22-root-INFO: grad norm: 14.646 6.682 13.033
2024-12-14-06:35:22-root-INFO: grad norm: 14.086 6.400 12.548
2024-12-14-06:35:23-root-INFO: Loss Change: 49.718 -> 47.880
2024-12-14-06:35:23-root-INFO: Regularization Change: 0.000 -> 0.016
2024-12-14-06:35:23-root-INFO: Learning rate of xt decay: 0.05011 -> 0.05071.
2024-12-14-06:35:23-root-INFO: step: 171 lr_xt 0.00463611
2024-12-14-06:35:23-root-INFO: grad norm: 13.824 6.328 12.291
2024-12-14-06:35:23-root-INFO: grad norm: 13.320 6.067 11.858
2024-12-14-06:35:24-root-INFO: Loss Change: 47.665 -> 46.126
2024-12-14-06:35:24-root-INFO: Regularization Change: 0.000 -> 0.016
2024-12-14-06:35:24-root-INFO: Learning rate of xt decay: 0.05071 -> 0.05132.
2024-12-14-06:35:24-root-INFO: step: 170 lr_xt 0.00482333
2024-12-14-06:35:24-root-INFO: grad norm: 12.732 5.877 11.294
2024-12-14-06:35:24-root-INFO: grad norm: 12.179 5.607 10.811
2024-12-14-06:35:25-root-INFO: Loss Change: 45.056 -> 43.566
2024-12-14-06:35:25-root-INFO: Regularization Change: 0.000 -> 0.014
2024-12-14-06:35:25-root-INFO: Learning rate of xt decay: 0.05132 -> 0.05194.
2024-12-14-06:35:25-root-INFO: step: 169 lr_xt 0.00501730
2024-12-14-06:35:25-root-INFO: grad norm: 12.202 5.499 10.893
2024-12-14-06:35:25-root-INFO: grad norm: 11.689 5.279 10.429
2024-12-14-06:35:26-root-INFO: Loss Change: 43.601 -> 42.278
2024-12-14-06:35:26-root-INFO: Regularization Change: 0.000 -> 0.014
2024-12-14-06:35:26-root-INFO: Learning rate of xt decay: 0.05194 -> 0.05256.
2024-12-14-06:35:26-root-INFO: step: 168 lr_xt 0.00521823
2024-12-14-06:35:26-root-INFO: grad norm: 11.782 5.170 10.587
2024-12-14-06:35:26-root-INFO: grad norm: 11.409 4.980 10.265
2024-12-14-06:35:27-root-INFO: Loss Change: 42.764 -> 41.348
2024-12-14-06:35:27-root-INFO: Regularization Change: 0.000 -> 0.015
2024-12-14-06:35:27-root-INFO: Learning rate of xt decay: 0.05256 -> 0.05319.
2024-12-14-06:35:27-root-INFO: step: 167 lr_xt 0.00542633
2024-12-14-06:35:27-root-INFO: grad norm: 10.984 4.868 9.846
2024-12-14-06:35:27-root-INFO: grad norm: 10.647 4.703 9.552
2024-12-14-06:35:28-root-INFO: Loss Change: 41.049 -> 39.837
2024-12-14-06:35:28-root-INFO: Regularization Change: 0.000 -> 0.014
2024-12-14-06:35:28-root-INFO: Learning rate of xt decay: 0.05319 -> 0.05383.
2024-12-14-06:35:28-root-INFO: step: 166 lr_xt 0.00564182
2024-12-14-06:35:28-root-INFO: grad norm: 10.296 4.546 9.238
2024-12-14-06:35:28-root-INFO: grad norm: 9.943 4.385 8.924
2024-12-14-06:35:28-root-INFO: Loss Change: 39.434 -> 38.344
2024-12-14-06:35:28-root-INFO: Regularization Change: 0.000 -> 0.013
2024-12-14-06:35:28-root-INFO: Learning rate of xt decay: 0.05383 -> 0.05447.
2024-12-14-06:35:29-root-INFO: step: 165 lr_xt 0.00586491
2024-12-14-06:35:29-root-INFO: grad norm: 9.779 4.339 8.764
2024-12-14-06:35:29-root-INFO: grad norm: 9.482 4.178 8.511
2024-12-14-06:35:29-root-INFO: Loss Change: 38.318 -> 37.226
2024-12-14-06:35:29-root-INFO: Regularization Change: 0.000 -> 0.013
2024-12-14-06:35:29-root-INFO: Learning rate of xt decay: 0.05447 -> 0.05513.
2024-12-14-06:35:30-root-INFO: step: 164 lr_xt 0.00609585
2024-12-14-06:35:30-root-INFO: grad norm: 9.267 4.051 8.334
2024-12-14-06:35:30-root-INFO: grad norm: 9.011 3.926 8.111
2024-12-14-06:35:30-root-INFO: Loss Change: 37.105 -> 36.046
2024-12-14-06:35:30-root-INFO: Regularization Change: 0.000 -> 0.012
2024-12-14-06:35:30-root-INFO: Learning rate of xt decay: 0.05513 -> 0.05579.
2024-12-14-06:35:31-root-INFO: step: 163 lr_xt 0.00633485
2024-12-14-06:35:31-root-INFO: grad norm: 8.998 3.839 8.137
2024-12-14-06:35:31-root-INFO: grad norm: 8.659 3.728 7.816
2024-12-14-06:35:31-root-INFO: Loss Change: 35.998 -> 35.063
2024-12-14-06:35:31-root-INFO: Regularization Change: 0.000 -> 0.013
2024-12-14-06:35:31-root-INFO: Learning rate of xt decay: 0.05579 -> 0.05646.
2024-12-14-06:35:32-root-INFO: step: 162 lr_xt 0.00658217
2024-12-14-06:35:32-root-INFO: grad norm: 8.196 3.693 7.317
2024-12-14-06:35:32-root-INFO: grad norm: 7.932 3.529 7.104
2024-12-14-06:35:32-root-INFO: Loss Change: 34.576 -> 33.767
2024-12-14-06:35:32-root-INFO: Regularization Change: 0.000 -> 0.011
2024-12-14-06:35:32-root-INFO: Learning rate of xt decay: 0.05646 -> 0.05714.
2024-12-14-06:35:33-root-INFO: step: 161 lr_xt 0.00683803
2024-12-14-06:35:33-root-INFO: grad norm: 7.675 3.418 6.872
2024-12-14-06:35:33-root-INFO: grad norm: 7.422 3.309 6.644
2024-12-14-06:35:33-root-INFO: Loss Change: 33.547 -> 32.723
2024-12-14-06:35:33-root-INFO: Regularization Change: 0.000 -> 0.011
2024-12-14-06:35:33-root-INFO: Learning rate of xt decay: 0.05714 -> 0.05782.
2024-12-14-06:35:33-root-INFO: step: 160 lr_xt 0.00710269
2024-12-14-06:35:34-root-INFO: grad norm: 7.210 3.241 6.441
2024-12-14-06:35:34-root-INFO: grad norm: 7.006 3.143 6.261
2024-12-14-06:35:34-root-INFO: Loss Change: 32.488 -> 31.771
2024-12-14-06:35:34-root-INFO: Regularization Change: 0.000 -> 0.010
2024-12-14-06:35:34-root-INFO: Learning rate of xt decay: 0.05782 -> 0.05852.
2024-12-14-06:35:34-root-INFO: step: 159 lr_xt 0.00737641
2024-12-14-06:35:35-root-INFO: grad norm: 6.851 3.100 6.109
2024-12-14-06:35:35-root-INFO: grad norm: 6.617 3.019 5.888
2024-12-14-06:35:35-root-INFO: Loss Change: 31.661 -> 31.042
2024-12-14-06:35:35-root-INFO: Regularization Change: 0.000 -> 0.010
2024-12-14-06:35:35-root-INFO: Learning rate of xt decay: 0.05852 -> 0.05922.
2024-12-14-06:35:35-root-INFO: step: 158 lr_xt 0.00765943
2024-12-14-06:35:36-root-INFO: grad norm: 6.726 2.932 6.053
2024-12-14-06:35:36-root-INFO: grad norm: 6.501 2.864 5.835
2024-12-14-06:35:36-root-INFO: Loss Change: 31.087 -> 30.391
2024-12-14-06:35:36-root-INFO: Regularization Change: 0.000 -> 0.010
2024-12-14-06:35:36-root-INFO: Learning rate of xt decay: 0.05922 -> 0.05993.
2024-12-14-06:35:36-root-INFO: step: 157 lr_xt 0.00795203
2024-12-14-06:35:37-root-INFO: grad norm: 6.410 2.812 5.760
2024-12-14-06:35:37-root-INFO: grad norm: 6.179 2.732 5.542
2024-12-14-06:35:37-root-INFO: Loss Change: 30.288 -> 29.691
2024-12-14-06:35:37-root-INFO: Regularization Change: 0.000 -> 0.010
2024-12-14-06:35:37-root-INFO: Learning rate of xt decay: 0.05993 -> 0.06065.
2024-12-14-06:35:37-root-INFO: step: 156 lr_xt 0.00825448
2024-12-14-06:35:38-root-INFO: grad norm: 6.085 2.721 5.443
2024-12-14-06:35:38-root-INFO: grad norm: 5.870 2.648 5.239
2024-12-14-06:35:38-root-INFO: Loss Change: 29.583 -> 28.998
2024-12-14-06:35:38-root-INFO: Regularization Change: 0.000 -> 0.010
2024-12-14-06:35:38-root-INFO: Learning rate of xt decay: 0.06065 -> 0.06138.
2024-12-14-06:35:38-root-INFO: step: 155 lr_xt 0.00856705
2024-12-14-06:35:39-root-INFO: grad norm: 5.945 2.589 5.352
2024-12-14-06:35:39-root-INFO: grad norm: 5.756 2.538 5.167
2024-12-14-06:35:39-root-INFO: Loss Change: 29.024 -> 28.500
2024-12-14-06:35:39-root-INFO: Regularization Change: 0.000 -> 0.010
2024-12-14-06:35:39-root-INFO: Learning rate of xt decay: 0.06138 -> 0.06211.
2024-12-14-06:35:39-root-INFO: step: 154 lr_xt 0.00889002
2024-12-14-06:35:39-root-INFO: grad norm: 5.803 2.571 5.202
2024-12-14-06:35:40-root-INFO: grad norm: 5.613 2.501 5.025
2024-12-14-06:35:40-root-INFO: Loss Change: 28.386 -> 27.783
2024-12-14-06:35:40-root-INFO: Regularization Change: 0.000 -> 0.010
2024-12-14-06:35:40-root-INFO: Learning rate of xt decay: 0.06211 -> 0.06286.
2024-12-14-06:35:40-root-INFO: step: 153 lr_xt 0.00922367
2024-12-14-06:35:40-root-INFO: grad norm: 5.523 2.464 4.943
2024-12-14-06:35:41-root-INFO: grad norm: 5.321 2.383 4.758
2024-12-14-06:35:41-root-INFO: Loss Change: 27.766 -> 27.261
2024-12-14-06:35:41-root-INFO: Regularization Change: 0.000 -> 0.010
2024-12-14-06:35:41-root-INFO: Learning rate of xt decay: 0.06286 -> 0.06361.
2024-12-14-06:35:41-root-INFO: step: 152 lr_xt 0.00956831
2024-12-14-06:35:41-root-INFO: grad norm: 5.255 2.350 4.700
2024-12-14-06:35:42-root-INFO: grad norm: 5.055 2.282 4.511
2024-12-14-06:35:42-root-INFO: Loss Change: 27.205 -> 26.672
2024-12-14-06:35:42-root-INFO: Regularization Change: 0.000 -> 0.010
2024-12-14-06:35:42-root-INFO: Learning rate of xt decay: 0.06361 -> 0.06438.
2024-12-14-06:35:42-root-INFO: step: 151 lr_xt 0.00992422
2024-12-14-06:35:42-root-INFO: grad norm: 5.125 2.303 4.579
2024-12-14-06:35:43-root-INFO: grad norm: 4.881 2.226 4.344
2024-12-14-06:35:43-root-INFO: Loss Change: 26.701 -> 26.198
2024-12-14-06:35:43-root-INFO: Regularization Change: 0.000 -> 0.010
2024-12-14-06:35:43-root-INFO: Learning rate of xt decay: 0.06438 -> 0.06515.
2024-12-14-06:35:43-root-INFO: step: 150 lr_xt 0.01029171
2024-12-14-06:35:43-root-INFO: grad norm: 4.740 2.164 4.218
2024-12-14-06:35:44-root-INFO: grad norm: 4.536 2.084 4.029
2024-12-14-06:35:44-root-INFO: Loss Change: 26.126 -> 25.707
2024-12-14-06:35:44-root-INFO: Regularization Change: 0.000 -> 0.009
2024-12-14-06:35:44-root-INFO: Learning rate of xt decay: 0.06515 -> 0.06593.
2024-12-14-06:35:44-root-INFO: step: 149 lr_xt 0.01067108
2024-12-14-06:35:44-root-INFO: grad norm: 4.736 2.157 4.216
2024-12-14-06:35:45-root-INFO: grad norm: 4.474 2.053 3.975
2024-12-14-06:35:45-root-INFO: Loss Change: 25.635 -> 25.213
2024-12-14-06:35:45-root-INFO: Regularization Change: 0.000 -> 0.010
2024-12-14-06:35:45-root-INFO: Learning rate of xt decay: 0.06593 -> 0.06672.
2024-12-14-06:35:45-root-INFO: step: 148 lr_xt 0.01106266
2024-12-14-06:35:45-root-INFO: grad norm: 4.464 2.080 3.950
2024-12-14-06:35:46-root-INFO: grad norm: 4.194 1.966 3.705
2024-12-14-06:35:46-root-INFO: Loss Change: 25.268 -> 24.851
2024-12-14-06:35:46-root-INFO: Regularization Change: 0.000 -> 0.009
2024-12-14-06:35:46-root-INFO: Learning rate of xt decay: 0.06672 -> 0.06752.
2024-12-14-06:35:46-root-INFO: step: 147 lr_xt 0.01146675
2024-12-14-06:35:46-root-INFO: grad norm: 4.338 1.962 3.869
2024-12-14-06:35:47-root-INFO: grad norm: 4.020 1.862 3.562
2024-12-14-06:35:47-root-INFO: Loss Change: 24.990 -> 24.585
2024-12-14-06:35:47-root-INFO: Regularization Change: 0.000 -> 0.009
2024-12-14-06:35:47-root-INFO: Learning rate of xt decay: 0.06752 -> 0.06833.
2024-12-14-06:35:47-root-INFO: step: 146 lr_xt 0.01188369
2024-12-14-06:35:47-root-INFO: grad norm: 4.224 1.997 3.722
2024-12-14-06:35:48-root-INFO: grad norm: 3.940 1.859 3.474
2024-12-14-06:35:48-root-INFO: Loss Change: 24.435 -> 24.029
2024-12-14-06:35:48-root-INFO: Regularization Change: 0.000 -> 0.009
2024-12-14-06:35:48-root-INFO: Learning rate of xt decay: 0.06833 -> 0.06915.
2024-12-14-06:35:48-root-INFO: step: 145 lr_xt 0.01231381
2024-12-14-06:35:48-root-INFO: grad norm: 4.092 1.908 3.620
2024-12-14-06:35:49-root-INFO: grad norm: 3.832 1.781 3.393
2024-12-14-06:35:49-root-INFO: Loss Change: 24.069 -> 23.702
2024-12-14-06:35:49-root-INFO: Regularization Change: 0.000 -> 0.009
2024-12-14-06:35:49-root-INFO: Learning rate of xt decay: 0.06915 -> 0.06998.
2024-12-14-06:35:49-root-INFO: step: 144 lr_xt 0.01275743
2024-12-14-06:35:49-root-INFO: grad norm: 3.776 1.761 3.340
2024-12-14-06:35:50-root-INFO: grad norm: 3.556 1.667 3.142
2024-12-14-06:35:50-root-INFO: Loss Change: 23.686 -> 23.395
2024-12-14-06:35:50-root-INFO: Regularization Change: 0.000 -> 0.009
2024-12-14-06:35:50-root-INFO: Learning rate of xt decay: 0.06998 -> 0.07082.
2024-12-14-06:35:50-root-INFO: step: 143 lr_xt 0.01321490
2024-12-14-06:35:50-root-INFO: grad norm: 3.837 1.807 3.385
2024-12-14-06:35:51-root-INFO: grad norm: 3.561 1.668 3.146
2024-12-14-06:35:51-root-INFO: Loss Change: 23.292 -> 22.968
2024-12-14-06:35:51-root-INFO: Regularization Change: 0.000 -> 0.010
2024-12-14-06:35:51-root-INFO: Learning rate of xt decay: 0.07082 -> 0.07167.
2024-12-14-06:35:51-root-INFO: step: 142 lr_xt 0.01368658
2024-12-14-06:35:51-root-INFO: grad norm: 3.728 1.742 3.296
2024-12-14-06:35:52-root-INFO: grad norm: 3.460 1.613 3.061
2024-12-14-06:35:52-root-INFO: Loss Change: 23.045 -> 22.710
2024-12-14-06:35:52-root-INFO: Regularization Change: 0.000 -> 0.010
2024-12-14-06:35:52-root-INFO: Learning rate of xt decay: 0.07167 -> 0.07253.
2024-12-14-06:35:52-root-INFO: step: 141 lr_xt 0.01417280
2024-12-14-06:35:52-root-INFO: grad norm: 3.447 1.624 3.041
2024-12-14-06:35:53-root-INFO: grad norm: 3.215 1.518 2.834
2024-12-14-06:35:53-root-INFO: Loss Change: 22.855 -> 22.558
2024-12-14-06:35:53-root-INFO: Regularization Change: 0.000 -> 0.009
2024-12-14-06:35:53-root-INFO: Learning rate of xt decay: 0.07253 -> 0.07340.
2024-12-14-06:35:53-root-INFO: step: 140 lr_xt 0.01467393
2024-12-14-06:35:53-root-INFO: grad norm: 3.355 1.578 2.961
2024-12-14-06:35:54-root-INFO: grad norm: 3.128 1.469 2.761
2024-12-14-06:35:54-root-INFO: Loss Change: 22.521 -> 22.225
2024-12-14-06:35:54-root-INFO: Regularization Change: 0.000 -> 0.009
2024-12-14-06:35:54-root-INFO: Learning rate of xt decay: 0.07340 -> 0.07428.
2024-12-14-06:35:54-root-INFO: step: 139 lr_xt 0.01519033
2024-12-14-06:35:54-root-INFO: grad norm: 3.463 1.630 3.055
2024-12-14-06:35:54-root-INFO: grad norm: 3.133 1.459 2.773
2024-12-14-06:35:55-root-INFO: Loss Change: 22.275 -> 21.952
2024-12-14-06:35:55-root-INFO: Regularization Change: 0.000 -> 0.010
2024-12-14-06:35:55-root-INFO: Learning rate of xt decay: 0.07428 -> 0.07517.
2024-12-14-06:35:55-root-INFO: step: 138 lr_xt 0.01572237
2024-12-14-06:35:55-root-INFO: grad norm: 3.196 1.543 2.799
2024-12-14-06:35:55-root-INFO: grad norm: 2.966 1.410 2.609
2024-12-14-06:35:56-root-INFO: Loss Change: 21.893 -> 21.587
2024-12-14-06:35:56-root-INFO: Regularization Change: 0.000 -> 0.009
2024-12-14-06:35:56-root-INFO: Learning rate of xt decay: 0.07517 -> 0.07608.
2024-12-14-06:35:56-root-INFO: step: 137 lr_xt 0.01627042
2024-12-14-06:35:56-root-INFO: grad norm: 3.195 1.478 2.832
2024-12-14-06:35:56-root-INFO: grad norm: 2.918 1.344 2.590
2024-12-14-06:35:57-root-INFO: Loss Change: 21.825 -> 21.521
2024-12-14-06:35:57-root-INFO: Regularization Change: 0.000 -> 0.010
2024-12-14-06:35:57-root-INFO: Learning rate of xt decay: 0.07608 -> 0.07699.
2024-12-14-06:35:57-root-INFO: step: 136 lr_xt 0.01683487
2024-12-14-06:35:57-root-INFO: grad norm: 2.999 1.422 2.640
2024-12-14-06:35:57-root-INFO: grad norm: 2.770 1.297 2.448
2024-12-14-06:35:58-root-INFO: Loss Change: 21.483 -> 21.185
2024-12-14-06:35:58-root-INFO: Regularization Change: 0.000 -> 0.009
2024-12-14-06:35:58-root-INFO: Learning rate of xt decay: 0.07699 -> 0.07791.
2024-12-14-06:35:58-root-INFO: step: 135 lr_xt 0.01741608
2024-12-14-06:35:58-root-INFO: grad norm: 2.920 1.392 2.567
2024-12-14-06:35:58-root-INFO: grad norm: 2.718 1.279 2.399
2024-12-14-06:35:59-root-INFO: Loss Change: 21.111 -> 20.828
2024-12-14-06:35:59-root-INFO: Regularization Change: 0.000 -> 0.010
2024-12-14-06:35:59-root-INFO: Learning rate of xt decay: 0.07791 -> 0.07885.
2024-12-14-06:35:59-root-INFO: step: 134 lr_xt 0.01801447
2024-12-14-06:35:59-root-INFO: grad norm: 2.743 1.276 2.428
2024-12-14-06:35:59-root-INFO: grad norm: 2.591 1.198 2.297
2024-12-14-06:36:00-root-INFO: Loss Change: 20.911 -> 20.652
2024-12-14-06:36:00-root-INFO: Regularization Change: 0.000 -> 0.009
2024-12-14-06:36:00-root-INFO: Learning rate of xt decay: 0.07885 -> 0.07979.
2024-12-14-06:36:00-root-INFO: step: 133 lr_xt 0.01863041
2024-12-14-06:36:00-root-INFO: grad norm: 2.768 1.288 2.450
2024-12-14-06:36:00-root-INFO: grad norm: 2.569 1.182 2.281
2024-12-14-06:36:01-root-INFO: Loss Change: 20.745 -> 20.476
2024-12-14-06:36:01-root-INFO: Regularization Change: 0.000 -> 0.010
2024-12-14-06:36:01-root-INFO: Learning rate of xt decay: 0.07979 -> 0.08075.
2024-12-14-06:36:01-root-INFO: step: 132 lr_xt 0.01926430
2024-12-14-06:36:01-root-INFO: grad norm: 2.599 1.195 2.308
2024-12-14-06:36:01-root-INFO: grad norm: 2.469 1.131 2.195
2024-12-14-06:36:02-root-INFO: Loss Change: 20.539 -> 20.294
2024-12-14-06:36:02-root-INFO: Regularization Change: 0.000 -> 0.010
2024-12-14-06:36:02-root-INFO: Learning rate of xt decay: 0.08075 -> 0.08172.
2024-12-14-06:36:02-root-INFO: step: 131 lr_xt 0.01991656
2024-12-14-06:36:02-root-INFO: grad norm: 2.700 1.251 2.393
2024-12-14-06:36:02-root-INFO: grad norm: 2.482 1.137 2.206
2024-12-14-06:36:03-root-INFO: Loss Change: 20.490 -> 20.231
2024-12-14-06:36:03-root-INFO: Regularization Change: 0.000 -> 0.011
2024-12-14-06:36:03-root-INFO: Learning rate of xt decay: 0.08172 -> 0.08270.
2024-12-14-06:36:03-root-INFO: step: 130 lr_xt 0.02058758
2024-12-14-06:36:03-root-INFO: grad norm: 2.472 1.161 2.182
2024-12-14-06:36:03-root-INFO: grad norm: 2.360 1.098 2.089
2024-12-14-06:36:04-root-INFO: Loss Change: 20.148 -> 19.932
2024-12-14-06:36:04-root-INFO: Regularization Change: 0.000 -> 0.010
2024-12-14-06:36:04-root-INFO: Learning rate of xt decay: 0.08270 -> 0.08369.
2024-12-14-06:36:04-root-INFO: step: 129 lr_xt 0.02127779
2024-12-14-06:36:04-root-INFO: grad norm: 2.457 1.151 2.171
2024-12-14-06:36:04-root-INFO: grad norm: 2.344 1.083 2.079
2024-12-14-06:36:05-root-INFO: Loss Change: 19.933 -> 19.679
2024-12-14-06:36:05-root-INFO: Regularization Change: 0.000 -> 0.010
2024-12-14-06:36:05-root-INFO: Learning rate of xt decay: 0.08369 -> 0.08470.
2024-12-14-06:36:05-root-INFO: step: 128 lr_xt 0.02198759
2024-12-14-06:36:05-root-INFO: grad norm: 2.426 1.164 2.129
2024-12-14-06:36:05-root-INFO: grad norm: 2.306 1.086 2.034
2024-12-14-06:36:05-root-INFO: Loss Change: 19.718 -> 19.473
2024-12-14-06:36:05-root-INFO: Regularization Change: 0.000 -> 0.011
2024-12-14-06:36:05-root-INFO: Learning rate of xt decay: 0.08470 -> 0.08571.
2024-12-14-06:36:06-root-INFO: step: 127 lr_xt 0.02271741
2024-12-14-06:36:06-root-INFO: grad norm: 2.348 1.126 2.061
2024-12-14-06:36:06-root-INFO: grad norm: 2.242 1.062 1.974
2024-12-14-06:36:06-root-INFO: Loss Change: 19.462 -> 19.224
2024-12-14-06:36:06-root-INFO: Regularization Change: 0.000 -> 0.011
2024-12-14-06:36:06-root-INFO: Learning rate of xt decay: 0.08571 -> 0.08674.
2024-12-14-06:36:07-root-INFO: step: 126 lr_xt 0.02346768
2024-12-14-06:36:07-root-INFO: grad norm: 2.301 1.134 2.002
2024-12-14-06:36:07-root-INFO: grad norm: 2.213 1.079 1.932
2024-12-14-06:36:07-root-INFO: Loss Change: 19.197 -> 18.974
2024-12-14-06:36:07-root-INFO: Regularization Change: 0.000 -> 0.011
2024-12-14-06:36:07-root-INFO: Learning rate of xt decay: 0.08674 -> 0.08778.
2024-12-14-06:36:08-root-INFO: step: 125 lr_xt 0.02423882
2024-12-14-06:36:08-root-INFO: grad norm: 2.189 1.119 1.882
2024-12-14-06:36:08-root-INFO: grad norm: 2.140 1.094 1.840
2024-12-14-06:36:08-root-INFO: Loss Change: 18.868 -> 18.652
2024-12-14-06:36:08-root-INFO: Regularization Change: 0.000 -> 0.011
2024-12-14-06:36:08-root-INFO: Learning rate of xt decay: 0.08778 -> 0.08884.
2024-12-14-06:36:09-root-INFO: step: 124 lr_xt 0.02515763
2024-12-14-06:36:09-root-INFO: grad norm: 2.238 1.182 1.901
2024-12-14-06:36:09-root-INFO: grad norm: 2.175 1.149 1.847
2024-12-14-06:36:09-root-INFO: Loss Change: 18.760 -> 18.520
2024-12-14-06:36:09-root-INFO: Regularization Change: 0.000 -> 0.012
2024-12-14-06:36:09-root-INFO: Learning rate of xt decay: 0.08884 -> 0.08990.
2024-12-14-06:36:10-root-INFO: step: 123 lr_xt 0.02597490
2024-12-14-06:36:10-root-INFO: grad norm: 2.197 1.190 1.847
2024-12-14-06:36:10-root-INFO: grad norm: 2.168 1.184 1.817
2024-12-14-06:36:10-root-INFO: Loss Change: 18.527 -> 18.263
2024-12-14-06:36:10-root-INFO: Regularization Change: 0.000 -> 0.013
2024-12-14-06:36:10-root-INFO: Learning rate of xt decay: 0.08990 -> 0.09098.
2024-12-14-06:36:10-root-INFO: step: 122 lr_xt 0.02681440
2024-12-14-06:36:11-root-INFO: grad norm: 2.236 1.267 1.843
2024-12-14-06:36:11-root-INFO: grad norm: 2.267 1.301 1.856
2024-12-14-06:36:11-root-INFO: Loss Change: 18.301 -> 18.022
2024-12-14-06:36:11-root-INFO: Regularization Change: 0.000 -> 0.015
2024-12-14-06:36:11-root-INFO: Learning rate of xt decay: 0.09098 -> 0.09207.
2024-12-14-06:36:11-root-INFO: step: 121 lr_xt 0.02767658
2024-12-14-06:36:12-root-INFO: grad norm: 2.504 1.522 1.989
2024-12-14-06:36:12-root-INFO: grad norm: 2.666 1.624 2.115
2024-12-14-06:36:12-root-INFO: Loss Change: 18.014 -> 17.619
2024-12-14-06:36:12-root-INFO: Regularization Change: 0.000 -> 0.020
2024-12-14-06:36:12-root-INFO: Learning rate of xt decay: 0.09207 -> 0.09318.
2024-12-14-06:36:12-root-INFO: step: 120 lr_xt 0.02856188
2024-12-14-06:36:13-root-INFO: grad norm: 3.069 1.975 2.349
2024-12-14-06:36:13-root-INFO: grad norm: 3.140 2.131 2.306
2024-12-14-06:36:13-root-INFO: Loss Change: 17.613 -> 17.082
2024-12-14-06:36:13-root-INFO: Regularization Change: 0.000 -> 0.031
2024-12-14-06:36:13-root-INFO: Learning rate of xt decay: 0.09318 -> 0.09430.
2024-12-14-06:36:13-root-INFO: step: 119 lr_xt 0.02947075
2024-12-14-06:36:14-root-INFO: grad norm: 2.952 2.171 2.001
2024-12-14-06:36:14-root-INFO: grad norm: 2.753 1.990 1.903
2024-12-14-06:36:14-root-INFO: Loss Change: 16.980 -> 16.509
2024-12-14-06:36:14-root-INFO: Regularization Change: 0.000 -> 0.028
2024-12-14-06:36:14-root-INFO: Learning rate of xt decay: 0.09430 -> 0.09543.
2024-12-14-06:36:14-root-INFO: step: 118 lr_xt 0.03040366
2024-12-14-06:36:15-root-INFO: grad norm: 2.617 1.784 1.915
2024-12-14-06:36:15-root-INFO: grad norm: 2.359 1.559 1.771
2024-12-14-06:36:15-root-INFO: Loss Change: 16.484 -> 16.120
2024-12-14-06:36:15-root-INFO: Regularization Change: 0.000 -> 0.023
2024-12-14-06:36:15-root-INFO: Learning rate of xt decay: 0.09543 -> 0.09657.
2024-12-14-06:36:15-root-INFO: step: 117 lr_xt 0.03136105
2024-12-14-06:36:16-root-INFO: grad norm: 2.272 1.436 1.761
2024-12-14-06:36:16-root-INFO: grad norm: 2.153 1.341 1.684
2024-12-14-06:36:16-root-INFO: Loss Change: 16.185 -> 15.874
2024-12-14-06:36:16-root-INFO: Regularization Change: 0.000 -> 0.019
2024-12-14-06:36:16-root-INFO: Learning rate of xt decay: 0.09657 -> 0.09773.
2024-12-14-06:36:16-root-INFO: step: 116 lr_xt 0.03234339
2024-12-14-06:36:16-root-INFO: grad norm: 2.157 1.327 1.700
2024-12-14-06:36:17-root-INFO: grad norm: 2.124 1.312 1.670
2024-12-14-06:36:17-root-INFO: Loss Change: 16.051 -> 15.750
2024-12-14-06:36:17-root-INFO: Regularization Change: 0.000 -> 0.019
2024-12-14-06:36:17-root-INFO: Learning rate of xt decay: 0.09773 -> 0.09891.
2024-12-14-06:36:17-root-INFO: step: 115 lr_xt 0.03335113
2024-12-14-06:36:17-root-INFO: grad norm: 2.159 1.334 1.698
2024-12-14-06:36:18-root-INFO: grad norm: 2.141 1.330 1.677
2024-12-14-06:36:18-root-INFO: Loss Change: 15.709 -> 15.398
2024-12-14-06:36:18-root-INFO: Regularization Change: 0.000 -> 0.021
2024-12-14-06:36:18-root-INFO: Learning rate of xt decay: 0.09891 -> 0.10009.
2024-12-14-06:36:18-root-INFO: step: 114 lr_xt 0.03438473
2024-12-14-06:36:18-root-INFO: grad norm: 2.179 1.350 1.711
2024-12-14-06:36:19-root-INFO: grad norm: 2.153 1.342 1.684
2024-12-14-06:36:19-root-INFO: Loss Change: 15.428 -> 15.127
2024-12-14-06:36:19-root-INFO: Regularization Change: 0.000 -> 0.022
2024-12-14-06:36:19-root-INFO: Learning rate of xt decay: 0.10009 -> 0.10129.
2024-12-14-06:36:19-root-INFO: step: 113 lr_xt 0.03544467
2024-12-14-06:36:19-root-INFO: grad norm: 2.170 1.361 1.690
2024-12-14-06:36:20-root-INFO: grad norm: 2.155 1.360 1.671
2024-12-14-06:36:20-root-INFO: Loss Change: 15.159 -> 14.835
2024-12-14-06:36:20-root-INFO: Regularization Change: 0.000 -> 0.023
2024-12-14-06:36:20-root-INFO: Learning rate of xt decay: 0.10129 -> 0.10251.
2024-12-14-06:36:20-root-INFO: step: 112 lr_xt 0.03653141
2024-12-14-06:36:20-root-INFO: grad norm: 2.170 1.375 1.679
2024-12-14-06:36:21-root-INFO: grad norm: 2.149 1.370 1.656
2024-12-14-06:36:21-root-INFO: Loss Change: 14.906 -> 14.552
2024-12-14-06:36:21-root-INFO: Regularization Change: 0.000 -> 0.025
2024-12-14-06:36:21-root-INFO: Learning rate of xt decay: 0.10251 -> 0.10374.
2024-12-14-06:36:21-root-INFO: step: 111 lr_xt 0.03764541
2024-12-14-06:36:21-root-INFO: grad norm: 2.140 1.379 1.636
2024-12-14-06:36:22-root-INFO: grad norm: 2.115 1.369 1.613
2024-12-14-06:36:22-root-INFO: Loss Change: 14.571 -> 14.232
2024-12-14-06:36:22-root-INFO: Regularization Change: 0.000 -> 0.026
2024-12-14-06:36:22-root-INFO: Learning rate of xt decay: 0.10374 -> 0.10498.
2024-12-14-06:36:22-root-INFO: step: 110 lr_xt 0.03878715
2024-12-14-06:36:22-root-INFO: grad norm: 2.106 1.368 1.601
2024-12-14-06:36:23-root-INFO: grad norm: 2.069 1.349 1.568
2024-12-14-06:36:23-root-INFO: Loss Change: 14.208 -> 13.876
2024-12-14-06:36:23-root-INFO: Regularization Change: 0.000 -> 0.026
2024-12-14-06:36:23-root-INFO: Learning rate of xt decay: 0.10498 -> 0.10624.
2024-12-14-06:36:23-root-INFO: step: 109 lr_xt 0.03995709
2024-12-14-06:36:23-root-INFO: grad norm: 2.060 1.348 1.558
2024-12-14-06:36:24-root-INFO: grad norm: 2.019 1.323 1.524
2024-12-14-06:36:24-root-INFO: Loss Change: 13.909 -> 13.581
2024-12-14-06:36:24-root-INFO: Regularization Change: 0.000 -> 0.027
2024-12-14-06:36:24-root-INFO: Learning rate of xt decay: 0.10624 -> 0.10752.
2024-12-14-06:36:24-root-INFO: step: 108 lr_xt 0.04115569
2024-12-14-06:36:24-root-INFO: grad norm: 2.007 1.323 1.509
2024-12-14-06:36:25-root-INFO: grad norm: 1.968 1.295 1.482
2024-12-14-06:36:25-root-INFO: Loss Change: 13.643 -> 13.323
2024-12-14-06:36:25-root-INFO: Regularization Change: 0.000 -> 0.027
2024-12-14-06:36:25-root-INFO: Learning rate of xt decay: 0.10752 -> 0.10881.
2024-12-14-06:36:25-root-INFO: step: 107 lr_xt 0.04238344
2024-12-14-06:36:25-root-INFO: grad norm: 1.942 1.275 1.465
2024-12-14-06:36:26-root-INFO: grad norm: 1.901 1.245 1.437
2024-12-14-06:36:26-root-INFO: Loss Change: 13.301 -> 12.994
2024-12-14-06:36:26-root-INFO: Regularization Change: 0.000 -> 0.027
2024-12-14-06:36:26-root-INFO: Learning rate of xt decay: 0.10881 -> 0.11011.
2024-12-14-06:36:26-root-INFO: step: 106 lr_xt 0.04364080
2024-12-14-06:36:26-root-INFO: grad norm: 1.876 1.228 1.419
2024-12-14-06:36:27-root-INFO: grad norm: 1.835 1.197 1.390
2024-12-14-06:36:27-root-INFO: Loss Change: 13.001 -> 12.709
2024-12-14-06:36:27-root-INFO: Regularization Change: 0.000 -> 0.026
2024-12-14-06:36:27-root-INFO: Learning rate of xt decay: 0.11011 -> 0.11144.
2024-12-14-06:36:27-root-INFO: step: 105 lr_xt 0.04492824
2024-12-14-06:36:27-root-INFO: grad norm: 1.810 1.179 1.374
2024-12-14-06:36:28-root-INFO: grad norm: 1.777 1.152 1.353
2024-12-14-06:36:28-root-INFO: Loss Change: 12.724 -> 12.439
2024-12-14-06:36:28-root-INFO: Regularization Change: 0.000 -> 0.026
2024-12-14-06:36:28-root-INFO: Learning rate of xt decay: 0.11144 -> 0.11277.
2024-12-14-06:36:28-root-INFO: step: 104 lr_xt 0.04624623
2024-12-14-06:36:28-root-INFO: grad norm: 1.749 1.126 1.338
2024-12-14-06:36:29-root-INFO: grad norm: 1.723 1.104 1.322
2024-12-14-06:36:29-root-INFO: Loss Change: 12.434 -> 12.161
2024-12-14-06:36:29-root-INFO: Regularization Change: 0.000 -> 0.026
2024-12-14-06:36:29-root-INFO: Learning rate of xt decay: 0.11277 -> 0.11413.
2024-12-14-06:36:29-root-INFO: step: 103 lr_xt 0.04759523
2024-12-14-06:36:29-root-INFO: grad norm: 1.719 1.110 1.313
2024-12-14-06:36:30-root-INFO: grad norm: 1.704 1.096 1.304
2024-12-14-06:36:30-root-INFO: Loss Change: 12.134 -> 11.863
2024-12-14-06:36:30-root-INFO: Regularization Change: 0.000 -> 0.027
2024-12-14-06:36:30-root-INFO: Learning rate of xt decay: 0.11413 -> 0.11550.
2024-12-14-06:36:30-root-INFO: step: 102 lr_xt 0.04897571
2024-12-14-06:36:30-root-INFO: grad norm: 1.697 1.086 1.304
2024-12-14-06:36:31-root-INFO: grad norm: 1.685 1.076 1.297
2024-12-14-06:36:31-root-INFO: Loss Change: 11.837 -> 11.565
2024-12-14-06:36:31-root-INFO: Regularization Change: 0.000 -> 0.027
2024-12-14-06:36:31-root-INFO: Learning rate of xt decay: 0.11550 -> 0.11688.
2024-12-14-06:36:31-root-INFO: step: 101 lr_xt 0.05038813
2024-12-14-06:36:31-root-INFO: grad norm: 1.704 1.105 1.297
2024-12-14-06:36:31-root-INFO: grad norm: 1.705 1.102 1.300
2024-12-14-06:36:32-root-INFO: Loss Change: 11.539 -> 11.254
2024-12-14-06:36:32-root-INFO: Regularization Change: 0.000 -> 0.029
2024-12-14-06:36:32-root-INFO: Learning rate of xt decay: 0.11688 -> 0.11828.
2024-12-14-06:36:32-root-INFO: step: 100 lr_xt 0.05183295
2024-12-14-06:36:32-root-INFO: grad norm: 1.717 1.116 1.305
2024-12-14-06:36:32-root-INFO: grad norm: 1.721 1.117 1.309
2024-12-14-06:36:33-root-INFO: Loss Change: 11.253 -> 10.942
2024-12-14-06:36:33-root-INFO: Regularization Change: 0.000 -> 0.032
2024-12-14-06:36:33-root-INFO: Learning rate of xt decay: 0.11828 -> 0.11970.
2024-12-14-06:36:33-root-INFO: step: 99 lr_xt 0.05331064
2024-12-14-06:36:33-root-INFO: grad norm: 1.739 1.141 1.312
2024-12-14-06:36:33-root-INFO: grad norm: 1.745 1.145 1.317
2024-12-14-06:36:34-root-INFO: Loss Change: 10.906 -> 10.588
2024-12-14-06:36:34-root-INFO: Regularization Change: 0.000 -> 0.034
2024-12-14-06:36:34-root-INFO: Learning rate of xt decay: 0.11970 -> 0.12114.
2024-12-14-06:36:34-root-INFO: step: 98 lr_xt 0.05482165
2024-12-14-06:36:34-root-INFO: grad norm: 1.763 1.170 1.318
2024-12-14-06:36:34-root-INFO: grad norm: 1.764 1.171 1.320
2024-12-14-06:36:35-root-INFO: Loss Change: 10.547 -> 10.211
2024-12-14-06:36:35-root-INFO: Regularization Change: 0.000 -> 0.037
2024-12-14-06:36:35-root-INFO: Learning rate of xt decay: 0.12114 -> 0.12259.
2024-12-14-06:36:35-root-INFO: step: 97 lr_xt 0.05636643
2024-12-14-06:36:35-root-INFO: grad norm: 1.775 1.189 1.319
2024-12-14-06:36:35-root-INFO: grad norm: 1.771 1.184 1.317
2024-12-14-06:36:36-root-INFO: Loss Change: 10.195 -> 9.851
2024-12-14-06:36:36-root-INFO: Regularization Change: 0.000 -> 0.040
2024-12-14-06:36:36-root-INFO: Learning rate of xt decay: 0.12259 -> 0.12406.
2024-12-14-06:36:36-root-INFO: step: 96 lr_xt 0.05794543
2024-12-14-06:36:36-root-INFO: grad norm: 1.750 1.188 1.285
2024-12-14-06:36:36-root-INFO: grad norm: 1.732 1.171 1.277
2024-12-14-06:36:37-root-INFO: Loss Change: 9.810 -> 9.470
2024-12-14-06:36:37-root-INFO: Regularization Change: 0.000 -> 0.041
2024-12-14-06:36:37-root-INFO: Learning rate of xt decay: 0.12406 -> 0.12555.
2024-12-14-06:36:37-root-INFO: step: 95 lr_xt 0.05955910
2024-12-14-06:36:37-root-INFO: grad norm: 1.718 1.164 1.263
2024-12-14-06:36:37-root-INFO: grad norm: 1.699 1.145 1.255
2024-12-14-06:36:38-root-INFO: Loss Change: 9.469 -> 9.122
2024-12-14-06:36:38-root-INFO: Regularization Change: 0.000 -> 0.041
2024-12-14-06:36:38-root-INFO: Learning rate of xt decay: 0.12555 -> 0.12706.
2024-12-14-06:36:38-root-INFO: step: 94 lr_xt 0.06120788
2024-12-14-06:36:38-root-INFO: grad norm: 1.683 1.140 1.238
2024-12-14-06:36:38-root-INFO: grad norm: 1.668 1.121 1.235
2024-12-14-06:36:39-root-INFO: Loss Change: 9.101 -> 8.765
2024-12-14-06:36:39-root-INFO: Regularization Change: 0.000 -> 0.042
2024-12-14-06:36:39-root-INFO: Learning rate of xt decay: 0.12706 -> 0.12858.
2024-12-14-06:36:39-root-INFO: step: 93 lr_xt 0.06289219
2024-12-14-06:36:39-root-INFO: grad norm: 1.670 1.123 1.236
2024-12-14-06:36:39-root-INFO: grad norm: 1.666 1.114 1.239
2024-12-14-06:36:40-root-INFO: Loss Change: 8.757 -> 8.408
2024-12-14-06:36:40-root-INFO: Regularization Change: 0.000 -> 0.044
2024-12-14-06:36:40-root-INFO: Learning rate of xt decay: 0.12858 -> 0.13013.
2024-12-14-06:36:40-root-INFO: step: 92 lr_xt 0.06461248
2024-12-14-06:36:40-root-INFO: grad norm: 1.689 1.135 1.251
2024-12-14-06:36:40-root-INFO: grad norm: 1.687 1.119 1.262
2024-12-14-06:36:41-root-INFO: Loss Change: 8.397 -> 8.034
2024-12-14-06:36:41-root-INFO: Regularization Change: 0.000 -> 0.048
2024-12-14-06:36:41-root-INFO: Learning rate of xt decay: 0.13013 -> 0.13169.
2024-12-14-06:36:41-root-INFO: step: 91 lr_xt 0.06636917
2024-12-14-06:36:41-root-INFO: grad norm: 1.721 1.150 1.280
2024-12-14-06:36:41-root-INFO: grad norm: 1.714 1.126 1.293
2024-12-14-06:36:42-root-INFO: Loss Change: 8.014 -> 7.625
2024-12-14-06:36:42-root-INFO: Regularization Change: 0.000 -> 0.052
2024-12-14-06:36:42-root-INFO: Learning rate of xt decay: 0.13169 -> 0.13327.
2024-12-14-06:36:42-root-INFO: step: 90 lr_xt 0.06816268
2024-12-14-06:36:42-root-INFO: grad norm: 1.751 1.156 1.315
2024-12-14-06:36:42-root-INFO: grad norm: 1.757 1.138 1.339
2024-12-14-06:36:42-root-INFO: Loss Change: 7.613 -> 7.186
2024-12-14-06:36:42-root-INFO: Regularization Change: 0.000 -> 0.057
2024-12-14-06:36:42-root-INFO: Learning rate of xt decay: 0.13327 -> 0.13487.
2024-12-14-06:36:43-root-INFO: step: 89 lr_xt 0.06999342
2024-12-14-06:36:43-root-INFO: grad norm: 1.812 1.181 1.374
2024-12-14-06:36:43-root-INFO: grad norm: 1.818 1.149 1.409
2024-12-14-06:36:43-root-INFO: Loss Change: 7.199 -> 6.732
2024-12-14-06:36:43-root-INFO: Regularization Change: 0.000 -> 0.064
2024-12-14-06:36:43-root-INFO: Learning rate of xt decay: 0.13487 -> 0.13649.
2024-12-14-06:36:44-root-INFO: step: 88 lr_xt 0.07186179
2024-12-14-06:36:44-root-INFO: grad norm: 1.869 1.182 1.448
2024-12-14-06:36:44-root-INFO: grad norm: 1.870 1.144 1.480
2024-12-14-06:36:44-root-INFO: Loss Change: 6.709 -> 6.208
2024-12-14-06:36:44-root-INFO: Regularization Change: 0.000 -> 0.072
2024-12-14-06:36:44-root-INFO: Learning rate of xt decay: 0.13649 -> 0.13813.
2024-12-14-06:36:45-root-INFO: step: 87 lr_xt 0.07376819
2024-12-14-06:36:45-root-INFO: grad norm: 1.847 1.169 1.430
2024-12-14-06:36:45-root-INFO: grad norm: 1.778 1.096 1.400
2024-12-14-06:36:45-root-INFO: Loss Change: 6.187 -> 5.715
2024-12-14-06:36:45-root-INFO: Regularization Change: 0.000 -> 0.071
2024-12-14-06:36:45-root-INFO: Learning rate of xt decay: 0.13813 -> 0.13978.
2024-12-14-06:36:46-root-INFO: step: 86 lr_xt 0.07571301
2024-12-14-06:36:46-root-INFO: grad norm: 1.720 1.112 1.312
2024-12-14-06:36:46-root-INFO: grad norm: 1.629 1.018 1.272
2024-12-14-06:36:46-root-INFO: Loss Change: 5.731 -> 5.316
2024-12-14-06:36:46-root-INFO: Regularization Change: 0.000 -> 0.064
2024-12-14-06:36:46-root-INFO: Learning rate of xt decay: 0.13978 -> 0.14146.
2024-12-14-06:36:47-root-INFO: step: 85 lr_xt 0.07769664
2024-12-14-06:36:47-root-INFO: grad norm: 1.567 1.015 1.193
2024-12-14-06:36:47-root-INFO: grad norm: 1.440 0.903 1.122
2024-12-14-06:36:47-root-INFO: Loss Change: 5.340 -> 5.002
2024-12-14-06:36:47-root-INFO: Regularization Change: 0.000 -> 0.054
2024-12-14-06:36:47-root-INFO: Learning rate of xt decay: 0.14146 -> 0.14316.
2024-12-14-06:36:47-root-INFO: step: 84 lr_xt 0.07971945
2024-12-14-06:36:48-root-INFO: grad norm: 1.325 0.911 0.962
2024-12-14-06:36:48-root-INFO: grad norm: 1.155 0.765 0.865
2024-12-14-06:36:48-root-INFO: Loss Change: 4.973 -> 4.744
2024-12-14-06:36:48-root-INFO: Regularization Change: 0.000 -> 0.039
2024-12-14-06:36:48-root-INFO: Learning rate of xt decay: 0.14316 -> 0.14488.
2024-12-14-06:36:48-root-INFO: step: 83 lr_xt 0.08178179
2024-12-14-06:36:49-root-INFO: grad norm: 1.064 0.752 0.753
2024-12-14-06:36:49-root-INFO: grad norm: 0.959 0.665 0.690
2024-12-14-06:36:49-root-INFO: Loss Change: 4.763 -> 4.602
2024-12-14-06:36:49-root-INFO: Regularization Change: 0.000 -> 0.027
2024-12-14-06:36:49-root-INFO: Learning rate of xt decay: 0.14488 -> 0.14661.
2024-12-14-06:36:49-root-INFO: step: 82 lr_xt 0.08388403
2024-12-14-06:36:50-root-INFO: grad norm: 0.926 0.688 0.620
2024-12-14-06:36:50-root-INFO: grad norm: 0.840 0.598 0.590
2024-12-14-06:36:50-root-INFO: Loss Change: 4.599 -> 4.472
2024-12-14-06:36:50-root-INFO: Regularization Change: 0.000 -> 0.022
2024-12-14-06:36:50-root-INFO: Learning rate of xt decay: 0.14661 -> 0.14837.
2024-12-14-06:36:50-root-INFO: step: 81 lr_xt 0.08602650
2024-12-14-06:36:51-root-INFO: grad norm: 0.834 0.615 0.564
2024-12-14-06:36:51-root-INFO: grad norm: 0.772 0.546 0.546
2024-12-14-06:36:51-root-INFO: Loss Change: 4.475 -> 4.368
2024-12-14-06:36:51-root-INFO: Regularization Change: 0.000 -> 0.019
2024-12-14-06:36:51-root-INFO: Learning rate of xt decay: 0.14837 -> 0.15015.
2024-12-14-06:36:51-root-INFO: step: 80 lr_xt 0.08820955
2024-12-14-06:36:52-root-INFO: grad norm: 0.798 0.594 0.534
2024-12-14-06:36:52-root-INFO: grad norm: 0.730 0.514 0.519
2024-12-14-06:36:52-root-INFO: Loss Change: 4.373 -> 4.272
2024-12-14-06:36:52-root-INFO: Regularization Change: 0.000 -> 0.018
2024-12-14-06:36:52-root-INFO: Learning rate of xt decay: 0.15015 -> 0.15196.
2024-12-14-06:36:52-root-INFO: step: 79 lr_xt 0.09043348
2024-12-14-06:36:53-root-INFO: grad norm: 0.746 0.546 0.508
2024-12-14-06:36:53-root-INFO: grad norm: 0.693 0.483 0.497
2024-12-14-06:36:53-root-INFO: Loss Change: 4.273 -> 4.182
2024-12-14-06:36:53-root-INFO: Regularization Change: 0.000 -> 0.017
2024-12-14-06:36:53-root-INFO: Learning rate of xt decay: 0.15196 -> 0.15378.
2024-12-14-06:36:53-root-INFO: step: 78 lr_xt 0.09269861
2024-12-14-06:36:53-root-INFO: grad norm: 0.723 0.527 0.494
2024-12-14-06:36:54-root-INFO: grad norm: 0.667 0.459 0.484
2024-12-14-06:36:54-root-INFO: Loss Change: 4.185 -> 4.098
2024-12-14-06:36:54-root-INFO: Regularization Change: 0.000 -> 0.016
2024-12-14-06:36:54-root-INFO: Learning rate of xt decay: 0.15378 -> 0.15562.
2024-12-14-06:36:54-root-INFO: step: 77 lr_xt 0.09500525
2024-12-14-06:36:54-root-INFO: grad norm: 0.691 0.496 0.481
2024-12-14-06:36:55-root-INFO: grad norm: 0.647 0.442 0.473
2024-12-14-06:36:55-root-INFO: Loss Change: 4.101 -> 4.021
2024-12-14-06:36:55-root-INFO: Regularization Change: 0.000 -> 0.016
2024-12-14-06:36:55-root-INFO: Learning rate of xt decay: 0.15562 -> 0.15749.
2024-12-14-06:36:55-root-INFO: step: 76 lr_xt 0.09735366
2024-12-14-06:36:55-root-INFO: grad norm: 0.677 0.486 0.472
2024-12-14-06:36:56-root-INFO: grad norm: 0.628 0.425 0.463
2024-12-14-06:36:56-root-INFO: Loss Change: 4.013 -> 3.936
2024-12-14-06:36:56-root-INFO: Regularization Change: 0.000 -> 0.016
2024-12-14-06:36:56-root-INFO: Learning rate of xt decay: 0.15749 -> 0.15938.
2024-12-14-06:36:56-root-INFO: step: 75 lr_xt 0.09974414
2024-12-14-06:36:56-root-INFO: grad norm: 0.639 0.443 0.461
2024-12-14-06:36:57-root-INFO: grad norm: 0.610 0.406 0.455
2024-12-14-06:36:57-root-INFO: Loss Change: 3.935 -> 3.857
2024-12-14-06:36:57-root-INFO: Regularization Change: 0.000 -> 0.015
2024-12-14-06:36:57-root-INFO: Learning rate of xt decay: 0.15938 -> 0.16129.
2024-12-14-06:36:57-root-INFO: step: 74 lr_xt 0.10217692
2024-12-14-06:36:57-root-INFO: grad norm: 0.645 0.451 0.461
2024-12-14-06:36:58-root-INFO: grad norm: 0.601 0.397 0.451
2024-12-14-06:36:58-root-INFO: Loss Change: 3.861 -> 3.785
2024-12-14-06:36:58-root-INFO: Regularization Change: 0.000 -> 0.016
2024-12-14-06:36:58-root-INFO: Learning rate of xt decay: 0.16129 -> 0.16323.
2024-12-14-06:36:58-root-INFO: step: 73 lr_xt 0.10465226
2024-12-14-06:36:58-root-INFO: grad norm: 0.623 0.430 0.451
2024-12-14-06:36:59-root-INFO: grad norm: 0.589 0.388 0.444
2024-12-14-06:36:59-root-INFO: Loss Change: 3.780 -> 3.708
2024-12-14-06:36:59-root-INFO: Regularization Change: 0.000 -> 0.016
2024-12-14-06:36:59-root-INFO: Learning rate of xt decay: 0.16323 -> 0.16519.
2024-12-14-06:36:59-root-INFO: step: 72 lr_xt 0.10717038
2024-12-14-06:36:59-root-INFO: grad norm: 0.622 0.433 0.447
2024-12-14-06:37:00-root-INFO: grad norm: 0.581 0.379 0.440
2024-12-14-06:37:00-root-INFO: Loss Change: 3.712 -> 3.637
2024-12-14-06:37:00-root-INFO: Regularization Change: 0.000 -> 0.016
2024-12-14-06:37:00-root-INFO: Learning rate of xt decay: 0.16519 -> 0.16717.
2024-12-14-06:37:00-root-INFO: step: 71 lr_xt 0.10973151
2024-12-14-06:37:00-root-INFO: grad norm: 0.626 0.438 0.448
2024-12-14-06:37:01-root-INFO: grad norm: 0.570 0.368 0.435
2024-12-14-06:37:01-root-INFO: Loss Change: 3.625 -> 3.551
2024-12-14-06:37:01-root-INFO: Regularization Change: 0.000 -> 0.017
2024-12-14-06:37:01-root-INFO: Learning rate of xt decay: 0.16717 -> 0.16918.
2024-12-14-06:37:01-root-INFO: step: 70 lr_xt 0.11233583
2024-12-14-06:37:01-root-INFO: grad norm: 0.592 0.405 0.431
2024-12-14-06:37:02-root-INFO: grad norm: 0.554 0.358 0.422
2024-12-14-06:37:02-root-INFO: Loss Change: 3.552 -> 3.481
2024-12-14-06:37:02-root-INFO: Regularization Change: 0.000 -> 0.016
2024-12-14-06:37:02-root-INFO: Learning rate of xt decay: 0.16918 -> 0.17121.
2024-12-14-06:37:02-root-INFO: step: 69 lr_xt 0.11498353
2024-12-14-06:37:02-root-INFO: grad norm: 0.569 0.384 0.419
2024-12-14-06:37:03-root-INFO: grad norm: 0.538 0.345 0.413
2024-12-14-06:37:03-root-INFO: Loss Change: 3.471 -> 3.407
2024-12-14-06:37:03-root-INFO: Regularization Change: 0.000 -> 0.016
2024-12-14-06:37:03-root-INFO: Learning rate of xt decay: 0.17121 -> 0.17326.
2024-12-14-06:37:03-root-INFO: step: 68 lr_xt 0.11767478
2024-12-14-06:37:03-root-INFO: grad norm: 0.546 0.367 0.404
2024-12-14-06:37:04-root-INFO: grad norm: 0.520 0.336 0.397
2024-12-14-06:37:04-root-INFO: Loss Change: 3.397 -> 3.333
2024-12-14-06:37:04-root-INFO: Regularization Change: 0.000 -> 0.016
2024-12-14-06:37:04-root-INFO: Learning rate of xt decay: 0.17326 -> 0.17534.
2024-12-14-06:37:04-root-INFO: step: 67 lr_xt 0.12040972
2024-12-14-06:37:04-root-INFO: grad norm: 0.543 0.377 0.390
2024-12-14-06:37:05-root-INFO: grad norm: 0.502 0.327 0.380
2024-12-14-06:37:05-root-INFO: Loss Change: 3.335 -> 3.272
2024-12-14-06:37:05-root-INFO: Regularization Change: 0.000 -> 0.015
2024-12-14-06:37:05-root-INFO: Learning rate of xt decay: 0.17534 -> 0.17745.
2024-12-14-06:37:05-root-INFO: step: 66 lr_xt 0.12318848
2024-12-14-06:37:05-root-INFO: grad norm: 0.533 0.374 0.380
2024-12-14-06:37:06-root-INFO: grad norm: 0.483 0.315 0.366
2024-12-14-06:37:06-root-INFO: Loss Change: 3.270 -> 3.207
2024-12-14-06:37:06-root-INFO: Regularization Change: 0.000 -> 0.015
2024-12-14-06:37:06-root-INFO: Learning rate of xt decay: 0.17745 -> 0.17957.
2024-12-14-06:37:06-root-INFO: step: 65 lr_xt 0.12601118
2024-12-14-06:37:06-root-INFO: grad norm: 0.493 0.343 0.355
2024-12-14-06:37:07-root-INFO: grad norm: 0.460 0.303 0.346
2024-12-14-06:37:07-root-INFO: Loss Change: 3.204 -> 3.147
2024-12-14-06:37:07-root-INFO: Regularization Change: 0.000 -> 0.014
2024-12-14-06:37:07-root-INFO: Learning rate of xt decay: 0.17957 -> 0.18173.
2024-12-14-06:37:07-root-INFO: step: 64 lr_xt 0.12887791
2024-12-14-06:37:07-root-INFO: grad norm: 0.474 0.335 0.336
2024-12-14-06:37:08-root-INFO: grad norm: 0.439 0.292 0.328
2024-12-14-06:37:08-root-INFO: Loss Change: 3.142 -> 3.091
2024-12-14-06:37:08-root-INFO: Regularization Change: 0.000 -> 0.014
2024-12-14-06:37:08-root-INFO: Learning rate of xt decay: 0.18173 -> 0.18391.
2024-12-14-06:37:08-root-INFO: step: 63 lr_xt 0.13178874
2024-12-14-06:37:08-root-INFO: grad norm: 0.481 0.349 0.330
2024-12-14-06:37:08-root-INFO: grad norm: 0.420 0.279 0.314
2024-12-14-06:37:09-root-INFO: Loss Change: 3.099 -> 3.048
2024-12-14-06:37:09-root-INFO: Regularization Change: 0.000 -> 0.013
2024-12-14-06:37:09-root-INFO: Learning rate of xt decay: 0.18391 -> 0.18612.
2024-12-14-06:37:09-root-INFO: step: 62 lr_xt 0.13474373
2024-12-14-06:37:09-root-INFO: grad norm: 0.429 0.298 0.309
2024-12-14-06:37:09-root-INFO: grad norm: 0.401 0.264 0.301
2024-12-14-06:37:10-root-INFO: Loss Change: 3.043 -> 2.998
2024-12-14-06:37:10-root-INFO: Regularization Change: 0.000 -> 0.012
2024-12-14-06:37:10-root-INFO: Learning rate of xt decay: 0.18612 -> 0.18835.
2024-12-14-06:37:10-root-INFO: step: 61 lr_xt 0.13774291
2024-12-14-06:37:10-root-INFO: grad norm: 0.437 0.315 0.303
2024-12-14-06:37:10-root-INFO: grad norm: 0.384 0.254 0.288
2024-12-14-06:37:11-root-INFO: Loss Change: 2.998 -> 2.954
2024-12-14-06:37:11-root-INFO: Regularization Change: 0.000 -> 0.012
2024-12-14-06:37:11-root-INFO: Learning rate of xt decay: 0.18835 -> 0.19061.
2024-12-14-06:37:11-root-INFO: step: 60 lr_xt 0.14078630
2024-12-14-06:37:11-root-INFO: grad norm: 0.399 0.284 0.280
2024-12-14-06:37:11-root-INFO: grad norm: 0.366 0.244 0.273
2024-12-14-06:37:12-root-INFO: Loss Change: 2.953 -> 2.915
2024-12-14-06:37:12-root-INFO: Regularization Change: 0.000 -> 0.011
2024-12-14-06:37:12-root-INFO: Learning rate of xt decay: 0.19061 -> 0.19290.
2024-12-14-06:37:12-root-INFO: step: 59 lr_xt 0.14387389
2024-12-14-06:37:12-root-INFO: grad norm: 0.398 0.290 0.273
2024-12-14-06:37:12-root-INFO: grad norm: 0.353 0.236 0.262
2024-12-14-06:37:13-root-INFO: Loss Change: 2.917 -> 2.881
2024-12-14-06:37:13-root-INFO: Regularization Change: 0.000 -> 0.011
2024-12-14-06:37:13-root-INFO: Learning rate of xt decay: 0.19290 -> 0.19521.
2024-12-14-06:37:13-root-INFO: step: 58 lr_xt 0.14700566
2024-12-14-06:37:13-root-INFO: grad norm: 0.371 0.265 0.260
2024-12-14-06:37:13-root-INFO: grad norm: 0.340 0.227 0.253
2024-12-14-06:37:14-root-INFO: Loss Change: 2.876 -> 2.841
2024-12-14-06:37:14-root-INFO: Regularization Change: 0.000 -> 0.011
2024-12-14-06:37:14-root-INFO: Learning rate of xt decay: 0.19521 -> 0.19756.
2024-12-14-06:37:14-root-INFO: step: 57 lr_xt 0.15018154
2024-12-14-06:37:14-root-INFO: grad norm: 0.369 0.267 0.255
2024-12-14-06:37:14-root-INFO: grad norm: 0.329 0.219 0.245
2024-12-14-06:37:15-root-INFO: Loss Change: 2.841 -> 2.807
2024-12-14-06:37:15-root-INFO: Regularization Change: 0.000 -> 0.011
2024-12-14-06:37:15-root-INFO: Learning rate of xt decay: 0.19756 -> 0.19993.
2024-12-14-06:37:15-root-INFO: step: 56 lr_xt 0.15340147
2024-12-14-06:37:15-root-INFO: grad norm: 0.357 0.258 0.247
2024-12-14-06:37:15-root-INFO: grad norm: 0.320 0.215 0.237
2024-12-14-06:37:16-root-INFO: Loss Change: 2.806 -> 2.770
2024-12-14-06:37:16-root-INFO: Regularization Change: 0.000 -> 0.010
2024-12-14-06:37:16-root-INFO: Learning rate of xt decay: 0.19993 -> 0.20232.
2024-12-14-06:37:16-root-INFO: step: 55 lr_xt 0.15666536
2024-12-14-06:37:16-root-INFO: grad norm: 0.354 0.262 0.238
2024-12-14-06:37:16-root-INFO: grad norm: 0.310 0.211 0.226
2024-12-14-06:37:17-root-INFO: Loss Change: 2.779 -> 2.745
2024-12-14-06:37:17-root-INFO: Regularization Change: 0.000 -> 0.010
2024-12-14-06:37:17-root-INFO: Learning rate of xt decay: 0.20232 -> 0.20475.
2024-12-14-06:37:17-root-INFO: step: 54 lr_xt 0.15997308
2024-12-14-06:37:17-root-INFO: grad norm: 0.335 0.240 0.234
2024-12-14-06:37:17-root-INFO: grad norm: 0.302 0.204 0.223
2024-12-14-06:37:18-root-INFO: Loss Change: 2.741 -> 2.710
2024-12-14-06:37:18-root-INFO: Regularization Change: 0.000 -> 0.010
2024-12-14-06:37:18-root-INFO: Learning rate of xt decay: 0.20475 -> 0.20721.
2024-12-14-06:37:18-root-INFO: step: 53 lr_xt 0.16332449
2024-12-14-06:37:18-root-INFO: grad norm: 0.340 0.251 0.229
2024-12-14-06:37:18-root-INFO: grad norm: 0.294 0.201 0.214
2024-12-14-06:37:19-root-INFO: Loss Change: 2.717 -> 2.685
2024-12-14-06:37:19-root-INFO: Regularization Change: 0.000 -> 0.010
2024-12-14-06:37:19-root-INFO: Learning rate of xt decay: 0.20721 -> 0.20970.
2024-12-14-06:37:19-root-INFO: step: 52 lr_xt 0.16671942
2024-12-14-06:37:19-root-INFO: grad norm: 0.320 0.231 0.222
2024-12-14-06:37:19-root-INFO: grad norm: 0.287 0.196 0.210
2024-12-14-06:37:19-root-INFO: Loss Change: 2.681 -> 2.653
2024-12-14-06:37:19-root-INFO: Regularization Change: 0.000 -> 0.010
2024-12-14-06:37:19-root-INFO: Learning rate of xt decay: 0.20970 -> 0.21221.
2024-12-14-06:37:20-root-INFO: step: 51 lr_xt 0.17015769
2024-12-14-06:37:20-root-INFO: grad norm: 0.327 0.244 0.217
2024-12-14-06:37:20-root-INFO: grad norm: 0.280 0.193 0.202
2024-12-14-06:37:20-root-INFO: Loss Change: 2.661 -> 2.630
2024-12-14-06:37:20-root-INFO: Regularization Change: 0.000 -> 0.010
2024-12-14-06:37:20-root-INFO: Learning rate of xt decay: 0.21221 -> 0.21476.
2024-12-14-06:37:21-root-INFO: step: 50 lr_xt 0.17363908
2024-12-14-06:37:21-root-INFO: grad norm: 0.309 0.222 0.215
2024-12-14-06:37:21-root-INFO: grad norm: 0.274 0.187 0.200
2024-12-14-06:37:21-root-INFO: Loss Change: 2.625 -> 2.598
2024-12-14-06:37:21-root-INFO: Regularization Change: 0.000 -> 0.010
2024-12-14-06:37:21-root-INFO: Learning rate of xt decay: 0.21476 -> 0.21734.
2024-12-14-06:37:22-root-INFO: step: 49 lr_xt 0.17716334
2024-12-14-06:37:22-root-INFO: grad norm: 0.314 0.237 0.206
2024-12-14-06:37:22-root-INFO: grad norm: 0.267 0.186 0.191
2024-12-14-06:37:22-root-INFO: Loss Change: 2.608 -> 2.581
2024-12-14-06:37:22-root-INFO: Regularization Change: 0.000 -> 0.010
2024-12-14-06:37:22-root-INFO: Learning rate of xt decay: 0.21734 -> 0.21994.
2024-12-14-06:37:23-root-INFO: step: 48 lr_xt 0.18073022
2024-12-14-06:37:23-root-INFO: grad norm: 0.296 0.219 0.199
2024-12-14-06:37:23-root-INFO: grad norm: 0.260 0.182 0.186
2024-12-14-06:37:23-root-INFO: Loss Change: 2.579 -> 2.554
2024-12-14-06:37:23-root-INFO: Regularization Change: 0.000 -> 0.010
2024-12-14-06:37:23-root-INFO: Learning rate of xt decay: 0.21994 -> 0.22258.
2024-12-14-06:37:24-root-INFO: step: 47 lr_xt 0.18433941
2024-12-14-06:37:24-root-INFO: grad norm: 0.294 0.215 0.201
2024-12-14-06:37:24-root-INFO: grad norm: 0.256 0.179 0.183
2024-12-14-06:37:24-root-INFO: Loss Change: 2.555 -> 2.527
2024-12-14-06:37:24-root-INFO: Regularization Change: 0.000 -> 0.010
2024-12-14-06:37:24-root-INFO: Learning rate of xt decay: 0.22258 -> 0.22525.
2024-12-14-06:37:24-root-INFO: step: 46 lr_xt 0.18799060
2024-12-14-06:37:25-root-INFO: grad norm: 0.289 0.212 0.196
2024-12-14-06:37:25-root-INFO: grad norm: 0.250 0.176 0.178
2024-12-14-06:37:25-root-INFO: Loss Change: 2.529 -> 2.504
2024-12-14-06:37:25-root-INFO: Regularization Change: 0.000 -> 0.010
2024-12-14-06:37:25-root-INFO: Learning rate of xt decay: 0.22525 -> 0.22796.
2024-12-14-06:37:25-root-INFO: step: 45 lr_xt 0.19168344
2024-12-14-06:37:26-root-INFO: grad norm: 0.281 0.204 0.193
2024-12-14-06:37:26-root-INFO: grad norm: 0.245 0.173 0.174
2024-12-14-06:37:26-root-INFO: Loss Change: 2.505 -> 2.478
2024-12-14-06:37:26-root-INFO: Regularization Change: 0.000 -> 0.010
2024-12-14-06:37:26-root-INFO: Learning rate of xt decay: 0.22796 -> 0.23069.
2024-12-14-06:37:26-root-INFO: step: 44 lr_xt 0.19541757
2024-12-14-06:37:27-root-INFO: grad norm: 0.276 0.205 0.185
2024-12-14-06:37:27-root-INFO: grad norm: 0.240 0.170 0.170
2024-12-14-06:37:27-root-INFO: Loss Change: 2.478 -> 2.453
2024-12-14-06:37:27-root-INFO: Regularization Change: 0.000 -> 0.010
2024-12-14-06:37:27-root-INFO: Learning rate of xt decay: 0.23069 -> 0.23346.
2024-12-14-06:37:27-root-INFO: step: 43 lr_xt 0.19919257
2024-12-14-06:37:28-root-INFO: grad norm: 0.271 0.202 0.181
2024-12-14-06:37:28-root-INFO: grad norm: 0.235 0.168 0.164
2024-12-14-06:37:28-root-INFO: Loss Change: 2.459 -> 2.434
2024-12-14-06:37:28-root-INFO: Regularization Change: 0.000 -> 0.010
2024-12-14-06:37:28-root-INFO: Learning rate of xt decay: 0.23346 -> 0.23626.
2024-12-14-06:37:28-root-INFO: step: 42 lr_xt 0.20300803
2024-12-14-06:37:29-root-INFO: grad norm: 0.268 0.196 0.183
2024-12-14-06:37:29-root-INFO: grad norm: 0.229 0.165 0.160
2024-12-14-06:37:29-root-INFO: Loss Change: 2.433 -> 2.409
2024-12-14-06:37:29-root-INFO: Regularization Change: 0.000 -> 0.010
2024-12-14-06:37:29-root-INFO: Learning rate of xt decay: 0.23626 -> 0.23910.
2024-12-14-06:37:29-root-INFO: step: 41 lr_xt 0.20721469
2024-12-14-06:37:29-root-INFO: grad norm: 0.273 0.204 0.181
2024-12-14-06:37:30-root-INFO: grad norm: 0.229 0.165 0.158
2024-12-14-06:37:30-root-INFO: Loss Change: 2.408 -> 2.384
2024-12-14-06:37:30-root-INFO: Regularization Change: 0.000 -> 0.010
2024-12-14-06:37:30-root-INFO: Learning rate of xt decay: 0.23910 -> 0.24197.
2024-12-14-06:37:30-root-INFO: step: 40 lr_xt 0.21110784
2024-12-14-06:37:30-root-INFO: grad norm: 0.253 0.193 0.164
2024-12-14-06:37:31-root-INFO: grad norm: 0.223 0.162 0.153
2024-12-14-06:37:31-root-INFO: Loss Change: 2.388 -> 2.366
2024-12-14-06:37:31-root-INFO: Regularization Change: 0.000 -> 0.010
2024-12-14-06:37:31-root-INFO: Learning rate of xt decay: 0.24197 -> 0.24487.
2024-12-14-06:37:31-root-INFO: step: 39 lr_xt 0.21503976
2024-12-14-06:37:31-root-INFO: grad norm: 0.254 0.187 0.171
2024-12-14-06:37:32-root-INFO: grad norm: 0.219 0.160 0.150
2024-12-14-06:37:32-root-INFO: Loss Change: 2.369 -> 2.346
2024-12-14-06:37:32-root-INFO: Regularization Change: 0.000 -> 0.010
2024-12-14-06:37:32-root-INFO: Learning rate of xt decay: 0.24487 -> 0.24781.
2024-12-14-06:37:32-root-INFO: step: 38 lr_xt 0.21900989
2024-12-14-06:37:32-root-INFO: grad norm: 0.243 0.182 0.161
2024-12-14-06:37:33-root-INFO: grad norm: 0.215 0.156 0.147
2024-12-14-06:37:33-root-INFO: Loss Change: 2.345 -> 2.323
2024-12-14-06:37:33-root-INFO: Regularization Change: 0.000 -> 0.010
2024-12-14-06:37:33-root-INFO: Learning rate of xt decay: 0.24781 -> 0.25078.
2024-12-14-06:37:33-root-INFO: step: 37 lr_xt 0.22301766
2024-12-14-06:37:33-root-INFO: grad norm: 0.234 0.176 0.154
2024-12-14-06:37:34-root-INFO: grad norm: 0.209 0.153 0.142
2024-12-14-06:37:34-root-INFO: Loss Change: 2.323 -> 2.303
2024-12-14-06:37:34-root-INFO: Regularization Change: 0.000 -> 0.010
2024-12-14-06:37:34-root-INFO: Learning rate of xt decay: 0.25078 -> 0.25379.
2024-12-14-06:37:34-root-INFO: step: 36 lr_xt 0.22706247
2024-12-14-06:37:34-root-INFO: grad norm: 0.232 0.177 0.149
2024-12-14-06:37:35-root-INFO: grad norm: 0.206 0.151 0.140
2024-12-14-06:37:35-root-INFO: Loss Change: 2.305 -> 2.285
2024-12-14-06:37:35-root-INFO: Regularization Change: 0.000 -> 0.010
2024-12-14-06:37:35-root-INFO: Learning rate of xt decay: 0.25379 -> 0.25684.
2024-12-14-06:37:35-root-INFO: step: 35 lr_xt 0.23114370
2024-12-14-06:37:35-root-INFO: grad norm: 0.225 0.171 0.147
2024-12-14-06:37:36-root-INFO: grad norm: 0.202 0.149 0.136
2024-12-14-06:37:36-root-INFO: Loss Change: 2.284 -> 2.263
2024-12-14-06:37:36-root-INFO: Regularization Change: 0.000 -> 0.010
2024-12-14-06:37:36-root-INFO: Learning rate of xt decay: 0.25684 -> 0.25992.
2024-12-14-06:37:36-root-INFO: step: 34 lr_xt 0.23526068
2024-12-14-06:37:36-root-INFO: grad norm: 0.222 0.169 0.144
2024-12-14-06:37:37-root-INFO: grad norm: 0.200 0.148 0.134
2024-12-14-06:37:37-root-INFO: Loss Change: 2.271 -> 2.252
2024-12-14-06:37:37-root-INFO: Regularization Change: 0.000 -> 0.010
2024-12-14-06:37:37-root-INFO: Learning rate of xt decay: 0.25992 -> 0.26304.
2024-12-14-06:37:37-root-INFO: step: 33 lr_xt 0.23941272
2024-12-14-06:37:37-root-INFO: grad norm: 0.215 0.163 0.139
2024-12-14-06:37:38-root-INFO: grad norm: 0.194 0.145 0.130
2024-12-14-06:37:38-root-INFO: Loss Change: 2.248 -> 2.230
2024-12-14-06:37:38-root-INFO: Regularization Change: 0.000 -> 0.009
2024-12-14-06:37:38-root-INFO: Learning rate of xt decay: 0.26304 -> 0.26620.
2024-12-14-06:37:38-root-INFO: step: 32 lr_xt 0.24359912
2024-12-14-06:37:38-root-INFO: grad norm: 0.213 0.161 0.139
2024-12-14-06:37:39-root-INFO: grad norm: 0.193 0.144 0.128
2024-12-14-06:37:39-root-INFO: Loss Change: 2.233 -> 2.214
2024-12-14-06:37:39-root-INFO: Regularization Change: 0.000 -> 0.010
2024-12-14-06:37:39-root-INFO: Learning rate of xt decay: 0.26620 -> 0.26939.
2024-12-14-06:37:39-root-INFO: step: 31 lr_xt 0.24781911
2024-12-14-06:37:39-root-INFO: grad norm: 0.209 0.159 0.136
2024-12-14-06:37:40-root-INFO: grad norm: 0.190 0.143 0.125
2024-12-14-06:37:40-root-INFO: Loss Change: 2.215 -> 2.196
2024-12-14-06:37:40-root-INFO: Regularization Change: 0.000 -> 0.010
2024-12-14-06:37:40-root-INFO: Learning rate of xt decay: 0.26939 -> 0.27262.
2024-12-14-06:37:40-root-INFO: step: 30 lr_xt 0.25207194
2024-12-14-06:37:40-root-INFO: grad norm: 0.206 0.157 0.133
2024-12-14-06:37:41-root-INFO: grad norm: 0.188 0.142 0.123
2024-12-14-06:37:41-root-INFO: Loss Change: 2.198 -> 2.181
2024-12-14-06:37:41-root-INFO: Regularization Change: 0.000 -> 0.010
2024-12-14-06:37:41-root-INFO: Learning rate of xt decay: 0.27262 -> 0.27589.
2024-12-14-06:37:41-root-INFO: step: 29 lr_xt 0.25635679
2024-12-14-06:37:41-root-INFO: grad norm: 0.204 0.156 0.131
2024-12-14-06:37:42-root-INFO: grad norm: 0.186 0.142 0.121
2024-12-14-06:37:42-root-INFO: Loss Change: 2.184 -> 2.166
2024-12-14-06:37:42-root-INFO: Regularization Change: 0.000 -> 0.010
2024-12-14-06:37:42-root-INFO: Learning rate of xt decay: 0.27589 -> 0.27921.
2024-12-14-06:37:42-root-INFO: step: 28 lr_xt 0.26067283
2024-12-14-06:37:42-root-INFO: grad norm: 0.205 0.156 0.133
2024-12-14-06:37:43-root-INFO: grad norm: 0.186 0.141 0.120
2024-12-14-06:37:43-root-INFO: Loss Change: 2.169 -> 2.150
2024-12-14-06:37:43-root-INFO: Regularization Change: 0.000 -> 0.010
2024-12-14-06:37:43-root-INFO: Learning rate of xt decay: 0.27921 -> 0.28256.
2024-12-14-06:37:43-root-INFO: step: 27 lr_xt 0.26501920
2024-12-14-06:37:43-root-INFO: grad norm: 0.204 0.156 0.131
2024-12-14-06:37:44-root-INFO: grad norm: 0.185 0.142 0.119
2024-12-14-06:37:44-root-INFO: Loss Change: 2.156 -> 2.135
2024-12-14-06:37:44-root-INFO: Regularization Change: 0.000 -> 0.011
2024-12-14-06:37:44-root-INFO: Learning rate of xt decay: 0.28256 -> 0.28595.
2024-12-14-06:37:44-root-INFO: step: 26 lr_xt 0.26939500
2024-12-14-06:37:44-root-INFO: grad norm: 0.208 0.156 0.138
2024-12-14-06:37:45-root-INFO: grad norm: 0.184 0.141 0.119
2024-12-14-06:37:45-root-INFO: Loss Change: 2.142 -> 2.122
2024-12-14-06:37:45-root-INFO: Regularization Change: 0.000 -> 0.011
2024-12-14-06:37:45-root-INFO: Learning rate of xt decay: 0.28595 -> 0.28938.
2024-12-14-06:37:45-root-INFO: step: 25 lr_xt 0.27379933
2024-12-14-06:37:45-root-INFO: grad norm: 0.214 0.155 0.148
2024-12-14-06:37:45-root-INFO: grad norm: 0.183 0.139 0.118
2024-12-14-06:37:46-root-INFO: Loss Change: 2.127 -> 2.105
2024-12-14-06:37:46-root-INFO: Regularization Change: 0.000 -> 0.012
2024-12-14-06:37:46-root-INFO: Learning rate of xt decay: 0.28938 -> 0.29285.
2024-12-14-06:37:46-root-INFO: step: 24 lr_xt 0.27823123
2024-12-14-06:37:46-root-INFO: grad norm: 0.208 0.153 0.141
2024-12-14-06:37:46-root-INFO: grad norm: 0.179 0.138 0.114
2024-12-14-06:37:47-root-INFO: Loss Change: 2.113 -> 2.093
2024-12-14-06:37:47-root-INFO: Regularization Change: 0.000 -> 0.011
2024-12-14-06:37:47-root-INFO: Learning rate of xt decay: 0.29285 -> 0.29636.
2024-12-14-06:37:47-root-INFO: step: 23 lr_xt 0.28268972
2024-12-14-06:37:47-root-INFO: grad norm: 0.205 0.152 0.138
2024-12-14-06:37:47-root-INFO: grad norm: 0.177 0.137 0.113
2024-12-14-06:37:48-root-INFO: Loss Change: 2.095 -> 2.075
2024-12-14-06:37:48-root-INFO: Regularization Change: 0.000 -> 0.011
2024-12-14-06:37:48-root-INFO: Learning rate of xt decay: 0.29636 -> 0.29992.
2024-12-14-06:37:48-root-INFO: step: 22 lr_xt 0.28717380
2024-12-14-06:37:48-root-INFO: grad norm: 0.202 0.151 0.134
2024-12-14-06:37:48-root-INFO: grad norm: 0.176 0.136 0.112
2024-12-14-06:37:49-root-INFO: Loss Change: 2.081 -> 2.062
2024-12-14-06:37:49-root-INFO: Regularization Change: 0.000 -> 0.012
2024-12-14-06:37:49-root-INFO: Learning rate of xt decay: 0.29992 -> 0.30352.
2024-12-14-06:37:49-root-INFO: step: 21 lr_xt 0.29168243
2024-12-14-06:37:49-root-INFO: grad norm: 0.195 0.148 0.127
2024-12-14-06:37:49-root-INFO: grad norm: 0.171 0.134 0.107
2024-12-14-06:37:50-root-INFO: Loss Change: 2.064 -> 2.046
2024-12-14-06:37:50-root-INFO: Regularization Change: 0.000 -> 0.011
2024-12-14-06:37:50-root-INFO: Learning rate of xt decay: 0.30352 -> 0.30716.
2024-12-14-06:37:50-root-INFO: step: 20 lr_xt 0.29621455
2024-12-14-06:37:50-root-INFO: grad norm: 0.398 0.145 0.371
2024-12-14-06:37:50-root-INFO: grad norm: 0.176 0.140 0.107
2024-12-14-06:37:51-root-INFO: Loss Change: 2.049 -> 2.032
2024-12-14-06:37:51-root-INFO: Regularization Change: 0.000 -> 0.022
2024-12-14-06:37:51-root-INFO: Learning rate of xt decay: 0.30716 -> 0.31085.
2024-12-14-06:37:51-root-INFO: step: 19 lr_xt 0.30076908
2024-12-14-06:37:51-root-INFO: grad norm: 0.189 0.150 0.115
2024-12-14-06:37:51-root-INFO: grad norm: 0.168 0.133 0.103
2024-12-14-06:37:52-root-INFO: Loss Change: 2.035 -> 2.018
2024-12-14-06:37:52-root-INFO: Regularization Change: 0.000 -> 0.011
2024-12-14-06:37:52-root-INFO: Learning rate of xt decay: 0.31085 -> 0.31458.
2024-12-14-06:37:52-root-INFO: step: 18 lr_xt 0.30534490
2024-12-14-06:37:52-root-INFO: grad norm: 0.184 0.146 0.112
2024-12-14-06:37:52-root-INFO: grad norm: 0.166 0.132 0.100
2024-12-14-06:37:53-root-INFO: Loss Change: 2.020 -> 2.002
2024-12-14-06:37:53-root-INFO: Regularization Change: 0.000 -> 0.011
2024-12-14-06:37:53-root-INFO: Learning rate of xt decay: 0.31458 -> 0.31835.
2024-12-14-06:37:53-root-INFO: step: 17 lr_xt 0.30994086
2024-12-14-06:37:53-root-INFO: grad norm: 0.182 0.145 0.109
2024-12-14-06:37:53-root-INFO: grad norm: 0.163 0.131 0.098
2024-12-14-06:37:54-root-INFO: Loss Change: 2.006 -> 1.988
2024-12-14-06:37:54-root-INFO: Regularization Change: 0.000 -> 0.011
2024-12-14-06:37:54-root-INFO: Learning rate of xt decay: 0.31835 -> 0.32217.
2024-12-14-06:37:54-root-INFO: step: 16 lr_xt 0.31455579
2024-12-14-06:37:54-root-INFO: grad norm: 0.180 0.145 0.107
2024-12-14-06:37:54-root-INFO: grad norm: 0.162 0.131 0.095
2024-12-14-06:37:55-root-INFO: Loss Change: 1.992 -> 1.974
2024-12-14-06:37:55-root-INFO: Regularization Change: 0.000 -> 0.011
2024-12-14-06:37:55-root-INFO: Learning rate of xt decay: 0.32217 -> 0.32604.
2024-12-14-06:37:55-root-INFO: step: 15 lr_xt 0.31918850
2024-12-14-06:37:55-root-INFO: grad norm: 0.180 0.146 0.105
2024-12-14-06:37:55-root-INFO: grad norm: 0.161 0.131 0.093
2024-12-14-06:37:55-root-INFO: Loss Change: 1.978 -> 1.961
2024-12-14-06:37:55-root-INFO: Regularization Change: 0.000 -> 0.012
2024-12-14-06:37:55-root-INFO: Learning rate of xt decay: 0.32604 -> 0.32995.
2024-12-14-06:37:56-root-INFO: step: 14 lr_xt 0.32383775
2024-12-14-06:37:56-root-INFO: grad norm: 0.182 0.148 0.106
2024-12-14-06:37:56-root-INFO: grad norm: 0.161 0.132 0.093
2024-12-14-06:37:56-root-INFO: Loss Change: 1.965 -> 1.947
2024-12-14-06:37:56-root-INFO: Regularization Change: 0.000 -> 0.012
2024-12-14-06:37:56-root-INFO: Learning rate of xt decay: 0.32995 -> 0.33391.
2024-12-14-06:37:57-root-INFO: step: 13 lr_xt 0.32850231
2024-12-14-06:37:57-root-INFO: grad norm: 0.184 0.150 0.107
2024-12-14-06:37:57-root-INFO: grad norm: 0.161 0.133 0.091
2024-12-14-06:37:57-root-INFO: Loss Change: 1.952 -> 1.934
2024-12-14-06:37:57-root-INFO: Regularization Change: 0.000 -> 0.013
2024-12-14-06:37:57-root-INFO: Learning rate of xt decay: 0.33391 -> 0.33792.
2024-12-14-06:37:58-root-INFO: step: 12 lr_xt 0.33318090
2024-12-14-06:37:58-root-INFO: grad norm: 0.185 0.152 0.107
2024-12-14-06:37:58-root-INFO: grad norm: 0.161 0.133 0.090
2024-12-14-06:37:58-root-INFO: Loss Change: 1.938 -> 1.918
2024-12-14-06:37:58-root-INFO: Regularization Change: 0.000 -> 0.013
2024-12-14-06:37:58-root-INFO: Learning rate of xt decay: 0.33792 -> 0.34197.
2024-12-14-06:37:59-root-INFO: step: 11 lr_xt 0.33787222
2024-12-14-06:37:59-root-INFO: grad norm: 0.186 0.153 0.105
2024-12-14-06:37:59-root-INFO: grad norm: 0.160 0.134 0.088
2024-12-14-06:37:59-root-INFO: Loss Change: 1.922 -> 1.904
2024-12-14-06:37:59-root-INFO: Regularization Change: 0.000 -> 0.013
2024-12-14-06:37:59-root-INFO: Learning rate of xt decay: 0.34197 -> 0.34608.
2024-12-14-06:38:00-root-INFO: step: 10 lr_xt 0.34257494
2024-12-14-06:38:00-root-INFO: grad norm: 0.186 0.155 0.102
2024-12-14-06:38:00-root-INFO: grad norm: 0.159 0.134 0.085
2024-12-14-06:38:00-root-INFO: Loss Change: 1.909 -> 1.889
2024-12-14-06:38:00-root-INFO: Regularization Change: 0.000 -> 0.014
2024-12-14-06:38:00-root-INFO: Learning rate of xt decay: 0.34608 -> 0.35023.
2024-12-14-06:38:00-root-INFO: step: 9 lr_xt 0.34728771
2024-12-14-06:38:01-root-INFO: grad norm: 0.186 0.157 0.100
2024-12-14-06:38:01-root-INFO: grad norm: 0.158 0.135 0.082
2024-12-14-06:38:01-root-INFO: Loss Change: 1.895 -> 1.875
2024-12-14-06:38:01-root-INFO: Regularization Change: 0.000 -> 0.014
2024-12-14-06:38:01-root-INFO: Learning rate of xt decay: 0.35023 -> 0.35443.
2024-12-14-06:38:01-root-INFO: step: 8 lr_xt 0.35200918
2024-12-14-06:38:02-root-INFO: grad norm: 0.186 0.160 0.096
2024-12-14-06:38:02-root-INFO: grad norm: 0.159 0.138 0.079
2024-12-14-06:38:02-root-INFO: Loss Change: 1.879 -> 1.860
2024-12-14-06:38:02-root-INFO: Regularization Change: 0.000 -> 0.014
2024-12-14-06:38:02-root-INFO: Learning rate of xt decay: 0.35443 -> 0.35869.
2024-12-14-06:38:02-root-INFO: step: 7 lr_xt 0.35673794
2024-12-14-06:38:03-root-INFO: grad norm: 0.190 0.164 0.095
2024-12-14-06:38:03-root-INFO: grad norm: 0.162 0.142 0.076
2024-12-14-06:38:03-root-INFO: Loss Change: 1.865 -> 1.845
2024-12-14-06:38:03-root-INFO: Regularization Change: 0.000 -> 0.015
2024-12-14-06:38:03-root-INFO: Learning rate of xt decay: 0.35869 -> 0.36299.
2024-12-14-06:38:03-root-INFO: step: 6 lr_xt 0.36147257
2024-12-14-06:38:04-root-INFO: grad norm: 0.198 0.173 0.096
2024-12-14-06:38:04-root-INFO: grad norm: 0.166 0.149 0.073
2024-12-14-06:38:04-root-INFO: Loss Change: 1.849 -> 1.828
2024-12-14-06:38:04-root-INFO: Regularization Change: 0.000 -> 0.017
2024-12-14-06:38:04-root-INFO: Learning rate of xt decay: 0.36299 -> 0.36735.
2024-12-14-06:38:04-root-INFO: step: 5 lr_xt 0.36621164
2024-12-14-06:38:05-root-INFO: grad norm: 0.206 0.185 0.091
2024-12-14-06:38:05-root-INFO: grad norm: 0.175 0.160 0.073
2024-12-14-06:38:05-root-INFO: Loss Change: 1.832 -> 1.807
2024-12-14-06:38:05-root-INFO: Regularization Change: 0.000 -> 0.019
2024-12-14-06:38:05-root-INFO: Learning rate of xt decay: 0.36735 -> 0.37175.
2024-12-14-06:38:05-root-INFO: step: 4 lr_xt 0.37095370
2024-12-14-06:38:06-root-INFO: grad norm: 0.221 0.203 0.088
2024-12-14-06:38:06-root-INFO: grad norm: 0.193 0.177 0.077
2024-12-14-06:38:06-root-INFO: Loss Change: 1.811 -> 1.782
2024-12-14-06:38:06-root-INFO: Regularization Change: 0.000 -> 0.022
2024-12-14-06:38:06-root-INFO: Learning rate of xt decay: 0.37175 -> 0.37621.
2024-12-14-06:38:06-root-INFO: step: 3 lr_xt 0.37569726
2024-12-14-06:38:06-root-INFO: grad norm: 0.256 0.238 0.094
2024-12-14-06:38:07-root-INFO: grad norm: 0.229 0.214 0.080
2024-12-14-06:38:07-root-INFO: Loss Change: 1.786 -> 1.745
2024-12-14-06:38:07-root-INFO: Regularization Change: 0.000 -> 0.032
2024-12-14-06:38:07-root-INFO: Learning rate of xt decay: 0.37621 -> 0.38073.
2024-12-14-06:38:07-root-INFO: step: 2 lr_xt 0.38044082
2024-12-14-06:38:07-root-INFO: grad norm: 0.350 0.331 0.115
2024-12-14-06:38:08-root-INFO: grad norm: 0.303 0.283 0.108
2024-12-14-06:38:08-root-INFO: Loss Change: 1.749 -> 1.680
2024-12-14-06:38:08-root-INFO: Regularization Change: 0.000 -> 0.054
2024-12-14-06:38:08-root-INFO: Learning rate of xt decay: 0.38073 -> 0.38530.
2024-12-14-06:38:08-root-INFO: step: 1 lr_xt 0.38518288
2024-12-14-06:38:08-root-INFO: grad norm: 0.495 0.483 0.107
2024-12-14-06:38:09-root-INFO: grad norm: 0.472 0.449 0.144
2024-12-14-06:38:09-root-INFO: Loss Change: 1.681 -> 1.521
2024-12-14-06:38:09-root-INFO: Regularization Change: 0.000 -> 0.121
2024-12-14-06:38:09-root-INFO: Learning rate of xt decay: 0.38530 -> 0.38992.
2024-12-14-06:38:09-root-INFO: loss_00001_0: 1.5211669206619263
2024-12-14-06:38:09-root-INFO: It takes 244.551 seconds for image 00001
2024-12-14-06:38:09-root-INFO: lpips_score_00001: 0.501 0.505
2024-12-14-06:38:09-root-INFO: psnr_score_00001: 16.620 17.651
2024-12-14-06:38:09-root-INFO: ssim_score_00001: 0.574 0.588
2024-12-14-06:38:09-root-INFO: mean_lpips: 0.503011167049408
2024-12-14-06:38:09-root-INFO: best_mean_lpips: 0.5013316869735718
2024-12-14-06:38:09-root-INFO: mean_psnr: 17.135379791259766
2024-12-14-06:38:09-root-INFO: best_mean_psnr: 17.651182174682617
2024-12-14-06:38:09-root-INFO: mean_ssim: 0.5807474851608276
2024-12-14-06:38:09-root-INFO: best_mean_ssim: 0.5877708196640015
2024-12-14-06:38:09-root-INFO: final_loss: 1.5211669206619263
2024-12-14-06:38:09-root-INFO: mean time: 244.55062079429626
2024-12-14-06:38:09-root-INFO: Your samples are ready and waiting for you here: 
train_results/copaint/imagenet/expand/ 
 
Enjoy.
